{"name":"hexo","hostname":"wenhanMBP.local","pid":9871,"level":20,"msg":"Hexo version: \u001b[35m3.2.2\u001b[39m","time":"2017-04-18T01:30:45.167Z","v":0}
{"name":"hexo","hostname":"wenhanMBP.local","pid":9871,"level":20,"msg":"Working directory: \u001b[35m~/Dropbox/Git/xibuka.github.io.src/\u001b[39m","time":"2017-04-18T01:30:45.169Z","v":0}
{"name":"hexo","hostname":"wenhanMBP.local","pid":9871,"level":20,"msg":"Config loaded: \u001b[35m~/Dropbox/Git/xibuka.github.io.src/_config.yml\u001b[39m","time":"2017-04-18T01:30:45.260Z","v":0}
{"name":"hexo","hostname":"wenhanMBP.local","pid":9871,"level":20,"msg":"Script loaded: \u001b[35mthemes/next/scripts/merge-configs.js\u001b[39m","time":"2017-04-18T01:30:45.280Z","v":0}
{"name":"hexo","hostname":"wenhanMBP.local","pid":9871,"level":20,"msg":"Script loaded: \u001b[35mthemes/next/scripts/merge.js\u001b[39m","time":"2017-04-18T01:30:45.284Z","v":0}
{"name":"hexo","hostname":"wenhanMBP.local","pid":9871,"level":20,"msg":"Script loaded: \u001b[35mthemes/next/scripts/tags/button.js\u001b[39m","time":"2017-04-18T01:30:45.285Z","v":0}
{"name":"hexo","hostname":"wenhanMBP.local","pid":9871,"level":20,"msg":"Script loaded: \u001b[35mthemes/next/scripts/tags/center-quote.js\u001b[39m","time":"2017-04-18T01:30:45.285Z","v":0}
{"name":"hexo","hostname":"wenhanMBP.local","pid":9871,"level":20,"msg":"Script loaded: \u001b[35mthemes/next/scripts/tags/exturl.js\u001b[39m","time":"2017-04-18T01:30:45.287Z","v":0}
{"name":"hexo","hostname":"wenhanMBP.local","pid":9871,"level":20,"msg":"Script loaded: \u001b[35mthemes/next/scripts/tags/full-image.js\u001b[39m","time":"2017-04-18T01:30:45.288Z","v":0}
{"name":"hexo","hostname":"wenhanMBP.local","pid":9871,"level":20,"msg":"Script loaded: \u001b[35mthemes/next/scripts/tags/note.js\u001b[39m","time":"2017-04-18T01:30:45.289Z","v":0}
{"name":"hexo","hostname":"wenhanMBP.local","pid":9871,"level":20,"msg":"Script loaded: \u001b[35mthemes/next/scripts/tags/group-pictures.js\u001b[39m","time":"2017-04-18T01:30:45.291Z","v":0}
{"name":"hexo","hostname":"wenhanMBP.local","pid":9871,"level":20,"msg":"Plugin loaded: \u001b[35mhexo-deployer-git\u001b[39m","time":"2017-04-18T01:30:45.294Z","v":0}
{"name":"hexo","hostname":"wenhanMBP.local","pid":9871,"level":20,"msg":"Plugin loaded: \u001b[35mhexo-generator-archive\u001b[39m","time":"2017-04-18T01:30:45.298Z","v":0}
{"name":"hexo","hostname":"wenhanMBP.local","pid":9871,"level":20,"msg":"Plugin loaded: \u001b[35mhexo-generator-category\u001b[39m","time":"2017-04-18T01:30:45.300Z","v":0}
{"name":"hexo","hostname":"wenhanMBP.local","pid":9871,"level":20,"msg":"Plugin loaded: \u001b[35mhexo-generator-index\u001b[39m","time":"2017-04-18T01:30:45.302Z","v":0}
{"name":"hexo","hostname":"wenhanMBP.local","pid":9871,"level":20,"msg":"Plugin loaded: \u001b[35mhexo-generator-tag\u001b[39m","time":"2017-04-18T01:30:45.303Z","v":0}
{"name":"hexo","hostname":"wenhanMBP.local","pid":9871,"level":20,"msg":"Plugin loaded: \u001b[35mhexo-renderer-ejs\u001b[39m","time":"2017-04-18T01:30:45.305Z","v":0}
{"name":"hexo","hostname":"wenhanMBP.local","pid":9871,"level":20,"msg":"Plugin loaded: \u001b[35mhexo-renderer-jade\u001b[39m","time":"2017-04-18T01:30:45.518Z","v":0}
{"name":"hexo","hostname":"wenhanMBP.local","pid":9871,"level":20,"msg":"Plugin loaded: \u001b[35mhexo-renderer-marked\u001b[39m","time":"2017-04-18T01:30:45.523Z","v":0}
{"name":"hexo","hostname":"wenhanMBP.local","pid":9871,"level":20,"msg":"Plugin loaded: \u001b[35mhexo-renderer-sass\u001b[39m","time":"2017-04-18T01:30:45.532Z","v":0}
{"name":"hexo","hostname":"wenhanMBP.local","pid":9871,"level":20,"msg":"Plugin loaded: \u001b[35mhexo-renderer-stylus\u001b[39m","time":"2017-04-18T01:30:45.534Z","v":0}
{"name":"hexo","hostname":"wenhanMBP.local","pid":9871,"level":20,"msg":"Plugin loaded: \u001b[35mhexo-server\u001b[39m","time":"2017-04-18T01:30:45.581Z","v":0}
{"name":"hexo","hostname":"wenhanMBP.local","pid":9871,"level":20,"msg":"Loading database.","time":"2017-04-18T01:30:45.590Z","v":0}
{"name":"hexo","hostname":"wenhanMBP.local","pid":9871,"level":30,"msg":"Start processing","time":"2017-04-18T01:30:45.700Z","v":0}
{"name":"hexo","hostname":"wenhanMBP.local","pid":9871,"level":20,"msg":"Processed: \u001b[35mimages/debug.log\u001b[39m","time":"2017-04-18T01:30:45.804Z","v":0}
{"name":"hexo","hostname":"wenhanMBP.local","pid":9871,"level":20,"msg":"Processed: \u001b[35m_posts/GoogleMap-On-iOS.md\u001b[39m","time":"2017-04-18T01:30:45.835Z","v":0}
{"name":"hexo","hostname":"wenhanMBP.local","pid":9871,"level":20,"msg":"Processed: \u001b[35m_posts/Install-Of-Hexo.md\u001b[39m","time":"2017-04-18T01:30:45.835Z","v":0}
{"name":"hexo","hostname":"wenhanMBP.local","pid":9871,"level":20,"msg":"Processed: \u001b[35m_posts/Manage-Vim-plugins-with-Vundle.md\u001b[39m","time":"2017-04-18T01:30:45.835Z","v":0}
{"name":"hexo","hostname":"wenhanMBP.local","pid":9871,"level":20,"msg":"Processed: \u001b[35m_posts/Python-reverse-str-to-check-Palindrome.md\u001b[39m","time":"2017-04-18T01:30:45.835Z","v":0}
{"name":"hexo","hostname":"wenhanMBP.local","pid":9871,"level":20,"msg":"Processed: \u001b[35m_posts/Python-Print-format.md\u001b[39m","time":"2017-04-18T01:30:45.838Z","v":0}
{"name":"hexo","hostname":"wenhanMBP.local","pid":9871,"level":20,"msg":"Processed: \u001b[35m_posts/cannot-ssh-to-server-by-root-user.md\u001b[39m","time":"2017-04-18T01:30:45.838Z","v":0}
{"name":"hexo","hostname":"wenhanMBP.local","pid":9871,"level":20,"msg":"Processed: \u001b[35m_posts/crawling-webpage-use-python-requests.md\u001b[39m","time":"2017-04-18T01:30:45.838Z","v":0}
{"name":"hexo","hostname":"wenhanMBP.local","pid":9871,"level":20,"msg":"Processed: \u001b[35m_posts/google-maps-api-with-python.md\u001b[39m","time":"2017-04-18T01:30:45.838Z","v":0}
{"name":"hexo","hostname":"wenhanMBP.local","pid":9871,"level":20,"msg":"Processed: \u001b[35m_posts/install-vim-8-with-python.md\u001b[39m","time":"2017-04-18T01:30:45.839Z","v":0}
{"name":"hexo","hostname":"wenhanMBP.local","pid":9871,"level":20,"msg":"Processed: \u001b[35mimages/me.jpg\u001b[39m","time":"2017-04-18T01:30:45.839Z","v":0}
{"name":"hexo","hostname":"wenhanMBP.local","pid":9871,"level":20,"msg":"Theme config loaded.","time":"2017-04-18T01:30:45.890Z","v":0}
{"name":"hexo","hostname":"wenhanMBP.local","pid":9871,"level":20,"msg":"Processed: \u001b[35m_config.yml\u001b[39m","time":"2017-04-18T01:30:45.892Z","v":0}
{"name":"hexo","hostname":"wenhanMBP.local","pid":9871,"level":20,"msg":"Processed: \u001b[35msource/css/main.styl\u001b[39m","time":"2017-04-18T01:30:45.892Z","v":0}
{"name":"hexo","hostname":"wenhanMBP.local","pid":9871,"level":20,"msg":"Processed: \u001b[35msource/images/algolia_logo.svg\u001b[39m","time":"2017-04-18T01:30:45.892Z","v":0}
{"name":"hexo","hostname":"wenhanMBP.local","pid":9871,"level":20,"msg":"Processed: \u001b[35msource/images/avatar.gif\u001b[39m","time":"2017-04-18T01:30:45.894Z","v":0}
{"name":"hexo","hostname":"wenhanMBP.local","pid":9871,"level":20,"msg":"Processed: \u001b[35msource/images/cc-by-nc-nd.svg\u001b[39m","time":"2017-04-18T01:30:45.894Z","v":0}
{"name":"hexo","hostname":"wenhanMBP.local","pid":9871,"level":20,"msg":"Processed: \u001b[35msource/images/cc-by-nc-sa.svg\u001b[39m","time":"2017-04-18T01:30:45.894Z","v":0}
{"name":"hexo","hostname":"wenhanMBP.local","pid":9871,"level":20,"msg":"Processed: \u001b[35msource/images/cc-by-nd.svg\u001b[39m","time":"2017-04-18T01:30:45.895Z","v":0}
{"name":"hexo","hostname":"wenhanMBP.local","pid":9871,"level":20,"msg":"Processed: \u001b[35msource/images/cc-by-nc.svg\u001b[39m","time":"2017-04-18T01:30:45.895Z","v":0}
{"name":"hexo","hostname":"wenhanMBP.local","pid":9871,"level":20,"msg":"Processed: \u001b[35msource/images/cc-by-sa.svg\u001b[39m","time":"2017-04-18T01:30:45.896Z","v":0}
{"name":"hexo","hostname":"wenhanMBP.local","pid":9871,"level":20,"msg":"Processed: \u001b[35msource/images/cc-by.svg\u001b[39m","time":"2017-04-18T01:30:45.898Z","v":0}
{"name":"hexo","hostname":"wenhanMBP.local","pid":9871,"level":20,"msg":"Processed: \u001b[35msource/images/cc-zero.svg\u001b[39m","time":"2017-04-18T01:30:45.899Z","v":0}
{"name":"hexo","hostname":"wenhanMBP.local","pid":9871,"level":20,"msg":"Processed: \u001b[35msource/images/loading.gif\u001b[39m","time":"2017-04-18T01:30:45.899Z","v":0}
{"name":"hexo","hostname":"wenhanMBP.local","pid":9871,"level":20,"msg":"Processed: \u001b[35msource/images/placeholder.gif\u001b[39m","time":"2017-04-18T01:30:45.900Z","v":0}
{"name":"hexo","hostname":"wenhanMBP.local","pid":9871,"level":20,"msg":"Processed: \u001b[35msource/images/quote-l.svg\u001b[39m","time":"2017-04-18T01:30:45.900Z","v":0}
{"name":"hexo","hostname":"wenhanMBP.local","pid":9871,"level":20,"msg":"Processed: \u001b[35msource/images/quote-r.svg\u001b[39m","time":"2017-04-18T01:30:45.901Z","v":0}
{"name":"hexo","hostname":"wenhanMBP.local","pid":9871,"level":20,"msg":"Processed: \u001b[35msource/images/searchicon.png\u001b[39m","time":"2017-04-18T01:30:45.901Z","v":0}
{"name":"hexo","hostname":"wenhanMBP.local","pid":9871,"level":20,"msg":"Processed: \u001b[35mlayout/_layout.swig\u001b[39m","time":"2017-04-18T01:30:46.091Z","v":0}
{"name":"hexo","hostname":"wenhanMBP.local","pid":9871,"level":20,"msg":"Processed: \u001b[35mlayout/archive.swig\u001b[39m","time":"2017-04-18T01:30:46.091Z","v":0}
{"name":"hexo","hostname":"wenhanMBP.local","pid":9871,"level":20,"msg":"Processed: \u001b[35mlayout/category.swig\u001b[39m","time":"2017-04-18T01:30:46.092Z","v":0}
{"name":"hexo","hostname":"wenhanMBP.local","pid":9871,"level":20,"msg":"Processed: \u001b[35mlayout/index.swig\u001b[39m","time":"2017-04-18T01:30:46.092Z","v":0}
{"name":"hexo","hostname":"wenhanMBP.local","pid":9871,"level":20,"msg":"Processed: \u001b[35mlayout/page.swig\u001b[39m","time":"2017-04-18T01:30:46.092Z","v":0}
{"name":"hexo","hostname":"wenhanMBP.local","pid":9871,"level":20,"msg":"Processed: \u001b[35mlayout/post.swig\u001b[39m","time":"2017-04-18T01:30:46.092Z","v":0}
{"name":"hexo","hostname":"wenhanMBP.local","pid":9871,"level":20,"msg":"Processed: \u001b[35mlayout/schedule.swig\u001b[39m","time":"2017-04-18T01:30:46.092Z","v":0}
{"name":"hexo","hostname":"wenhanMBP.local","pid":9871,"level":20,"msg":"Processed: \u001b[35mlayout/tag.swig\u001b[39m","time":"2017-04-18T01:30:46.094Z","v":0}
{"name":"hexo","hostname":"wenhanMBP.local","pid":9871,"level":20,"msg":"Processed: \u001b[35mlanguages/de.yml\u001b[39m","time":"2017-04-18T01:30:46.110Z","v":0}
{"name":"hexo","hostname":"wenhanMBP.local","pid":9871,"level":20,"msg":"Processed: \u001b[35mlanguages/default.yml\u001b[39m","time":"2017-04-18T01:30:46.110Z","v":0}
{"name":"hexo","hostname":"wenhanMBP.local","pid":9871,"level":20,"msg":"Processed: \u001b[35mlanguages/en.yml\u001b[39m","time":"2017-04-18T01:30:46.110Z","v":0}
{"name":"hexo","hostname":"wenhanMBP.local","pid":9871,"level":20,"msg":"Processed: \u001b[35mlanguages/fr-FR.yml\u001b[39m","time":"2017-04-18T01:30:46.110Z","v":0}
{"name":"hexo","hostname":"wenhanMBP.local","pid":9871,"level":20,"msg":"Processed: \u001b[35mlanguages/id.yml\u001b[39m","time":"2017-04-18T01:30:46.110Z","v":0}
{"name":"hexo","hostname":"wenhanMBP.local","pid":9871,"level":20,"msg":"Processed: \u001b[35mlanguages/ja.yml\u001b[39m","time":"2017-04-18T01:30:46.111Z","v":0}
{"name":"hexo","hostname":"wenhanMBP.local","pid":9871,"level":20,"msg":"Processed: \u001b[35mlanguages/ko.yml\u001b[39m","time":"2017-04-18T01:30:46.111Z","v":0}
{"name":"hexo","hostname":"wenhanMBP.local","pid":9871,"level":20,"msg":"Processed: \u001b[35mlanguages/pt-BR.yml\u001b[39m","time":"2017-04-18T01:30:46.111Z","v":0}
{"name":"hexo","hostname":"wenhanMBP.local","pid":9871,"level":20,"msg":"Processed: \u001b[35mlanguages/pt.yml\u001b[39m","time":"2017-04-18T01:30:46.111Z","v":0}
{"name":"hexo","hostname":"wenhanMBP.local","pid":9871,"level":20,"msg":"Processed: \u001b[35mlanguages/ru.yml\u001b[39m","time":"2017-04-18T01:30:46.111Z","v":0}
{"name":"hexo","hostname":"wenhanMBP.local","pid":9871,"level":20,"msg":"Processed: \u001b[35mlanguages/zh-Hans.yml\u001b[39m","time":"2017-04-18T01:30:46.111Z","v":0}
{"name":"hexo","hostname":"wenhanMBP.local","pid":9871,"level":20,"msg":"Processed: \u001b[35mlanguages/zh-hk.yml\u001b[39m","time":"2017-04-18T01:30:46.111Z","v":0}
{"name":"hexo","hostname":"wenhanMBP.local","pid":9871,"level":20,"msg":"Processed: \u001b[35mlanguages/zh-tw.yml\u001b[39m","time":"2017-04-18T01:30:46.111Z","v":0}
{"name":"hexo","hostname":"wenhanMBP.local","pid":9871,"level":20,"msg":"Processed: \u001b[35msource/js/src/algolia-search.js\u001b[39m","time":"2017-04-18T01:30:46.112Z","v":0}
{"name":"hexo","hostname":"wenhanMBP.local","pid":9871,"level":20,"msg":"Processed: \u001b[35msource/js/src/exturl.js\u001b[39m","time":"2017-04-18T01:30:46.113Z","v":0}
{"name":"hexo","hostname":"wenhanMBP.local","pid":9871,"level":20,"msg":"Processed: \u001b[35msource/js/src/affix.js\u001b[39m","time":"2017-04-18T01:30:46.113Z","v":0}
{"name":"hexo","hostname":"wenhanMBP.local","pid":9871,"level":20,"msg":"Processed: \u001b[35msource/js/src/bootstrap.js\u001b[39m","time":"2017-04-18T01:30:46.114Z","v":0}
{"name":"hexo","hostname":"wenhanMBP.local","pid":9871,"level":20,"msg":"Processed: \u001b[35msource/js/src/hook-duoshuo.js\u001b[39m","time":"2017-04-18T01:30:46.114Z","v":0}
{"name":"hexo","hostname":"wenhanMBP.local","pid":9871,"level":20,"msg":"Processed: \u001b[35msource/js/src/js.cookie.js\u001b[39m","time":"2017-04-18T01:30:46.114Z","v":0}
{"name":"hexo","hostname":"wenhanMBP.local","pid":9871,"level":20,"msg":"Processed: \u001b[35msource/js/src/motion.js\u001b[39m","time":"2017-04-18T01:30:46.114Z","v":0}
{"name":"hexo","hostname":"wenhanMBP.local","pid":9871,"level":20,"msg":"Processed: \u001b[35msource/js/src/post-details.js\u001b[39m","time":"2017-04-18T01:30:46.115Z","v":0}
{"name":"hexo","hostname":"wenhanMBP.local","pid":9871,"level":20,"msg":"Processed: \u001b[35msource/js/src/scroll-cookie.js\u001b[39m","time":"2017-04-18T01:30:46.116Z","v":0}
{"name":"hexo","hostname":"wenhanMBP.local","pid":9871,"level":20,"msg":"Processed: \u001b[35msource/js/src/scrollspy.js\u001b[39m","time":"2017-04-18T01:30:46.116Z","v":0}
{"name":"hexo","hostname":"wenhanMBP.local","pid":9871,"level":20,"msg":"Processed: \u001b[35msource/js/src/utils.js\u001b[39m","time":"2017-04-18T01:30:46.116Z","v":0}
{"name":"hexo","hostname":"wenhanMBP.local","pid":9871,"level":20,"msg":"Processed: \u001b[35msource/lib/canvas-nest/canvas-nest.min.js\u001b[39m","time":"2017-04-18T01:30:46.117Z","v":0}
{"name":"hexo","hostname":"wenhanMBP.local","pid":9871,"level":20,"msg":"Processed: \u001b[35msource/lib/algolia-instant-search/instantsearch.min.css\u001b[39m","time":"2017-04-18T01:30:46.117Z","v":0}
{"name":"hexo","hostname":"wenhanMBP.local","pid":9871,"level":20,"msg":"Processed: \u001b[35msource/lib/canvas-ribbon/canvas-ribbon.js\u001b[39m","time":"2017-04-18T01:30:46.118Z","v":0}
{"name":"hexo","hostname":"wenhanMBP.local","pid":9871,"level":20,"msg":"Processed: \u001b[35msource/lib/fastclick/LICENSE\u001b[39m","time":"2017-04-18T01:30:46.118Z","v":0}
{"name":"hexo","hostname":"wenhanMBP.local","pid":9871,"level":20,"msg":"Processed: \u001b[35msource/lib/fastclick/README.md\u001b[39m","time":"2017-04-18T01:30:46.118Z","v":0}
{"name":"hexo","hostname":"wenhanMBP.local","pid":9871,"level":20,"msg":"Processed: \u001b[35msource/lib/fastclick/bower.json\u001b[39m","time":"2017-04-18T01:30:46.119Z","v":0}
{"name":"hexo","hostname":"wenhanMBP.local","pid":9871,"level":20,"msg":"Processed: \u001b[35msource/lib/font-awesome/HELP-US-OUT.txt\u001b[39m","time":"2017-04-18T01:30:46.119Z","v":0}
{"name":"hexo","hostname":"wenhanMBP.local","pid":9871,"level":20,"msg":"Processed: \u001b[35msource/lib/font-awesome/bower.json\u001b[39m","time":"2017-04-18T01:30:46.122Z","v":0}
{"name":"hexo","hostname":"wenhanMBP.local","pid":9871,"level":20,"msg":"Processed: \u001b[35msource/lib/jquery_lazyload/CONTRIBUTING.md\u001b[39m","time":"2017-04-18T01:30:46.123Z","v":0}
{"name":"hexo","hostname":"wenhanMBP.local","pid":9871,"level":20,"msg":"Processed: \u001b[35msource/lib/jquery_lazyload/README.md\u001b[39m","time":"2017-04-18T01:30:46.123Z","v":0}
{"name":"hexo","hostname":"wenhanMBP.local","pid":9871,"level":20,"msg":"Processed: \u001b[35msource/lib/jquery_lazyload/bower.json\u001b[39m","time":"2017-04-18T01:30:46.124Z","v":0}
{"name":"hexo","hostname":"wenhanMBP.local","pid":9871,"level":20,"msg":"Processed: \u001b[35msource/lib/jquery_lazyload/jquery.lazyload.js\u001b[39m","time":"2017-04-18T01:30:46.124Z","v":0}
{"name":"hexo","hostname":"wenhanMBP.local","pid":9871,"level":20,"msg":"Processed: \u001b[35msource/lib/jquery_lazyload/jquery.scrollstop.js\u001b[39m","time":"2017-04-18T01:30:46.124Z","v":0}
{"name":"hexo","hostname":"wenhanMBP.local","pid":9871,"level":20,"msg":"Processed: \u001b[35msource/lib/three/three-waves.min.js\u001b[39m","time":"2017-04-18T01:30:46.124Z","v":0}
{"name":"hexo","hostname":"wenhanMBP.local","pid":9871,"level":20,"msg":"Processed: \u001b[35m_posts/Manage-Vim-plugins-with-Vundle/vim_NERDTree.png\u001b[39m","time":"2017-04-18T01:30:46.146Z","v":0}
{"name":"hexo","hostname":"wenhanMBP.local","pid":9871,"level":20,"msg":"Processed: \u001b[35msource/lib/velocity/bower.json\u001b[39m","time":"2017-04-18T01:30:46.147Z","v":0}
{"name":"hexo","hostname":"wenhanMBP.local","pid":9871,"level":20,"msg":"Processed: \u001b[35msource/lib/velocity/velocity.min.js\u001b[39m","time":"2017-04-18T01:30:46.148Z","v":0}
{"name":"hexo","hostname":"wenhanMBP.local","pid":9871,"level":20,"msg":"Processed: \u001b[35msource/lib/velocity/velocity.ui.js\u001b[39m","time":"2017-04-18T01:30:46.148Z","v":0}
{"name":"hexo","hostname":"wenhanMBP.local","pid":9871,"level":20,"msg":"Processed: \u001b[35msource/lib/velocity/velocity.ui.min.js\u001b[39m","time":"2017-04-18T01:30:46.149Z","v":0}
{"name":"hexo","hostname":"wenhanMBP.local","pid":9871,"level":20,"msg":"Processed: \u001b[35msource/lib/jquery/index.js\u001b[39m","time":"2017-04-18T01:30:46.149Z","v":0}
{"name":"hexo","hostname":"wenhanMBP.local","pid":9871,"level":20,"msg":"Processed: \u001b[35mlayout/_custom/header.swig\u001b[39m","time":"2017-04-18T01:30:46.220Z","v":0}
{"name":"hexo","hostname":"wenhanMBP.local","pid":9871,"level":20,"msg":"Processed: \u001b[35mlayout/_custom/sidebar.swig\u001b[39m","time":"2017-04-18T01:30:46.220Z","v":0}
{"name":"hexo","hostname":"wenhanMBP.local","pid":9871,"level":20,"msg":"Processed: \u001b[35mlayout/_macro/post-collapse.swig\u001b[39m","time":"2017-04-18T01:30:46.220Z","v":0}
{"name":"hexo","hostname":"wenhanMBP.local","pid":9871,"level":20,"msg":"Processed: \u001b[35mlayout/_macro/post-copyright.swig\u001b[39m","time":"2017-04-18T01:30:46.220Z","v":0}
{"name":"hexo","hostname":"wenhanMBP.local","pid":9871,"level":20,"msg":"Processed: \u001b[35mlayout/_macro/reward.swig\u001b[39m","time":"2017-04-18T01:30:46.220Z","v":0}
{"name":"hexo","hostname":"wenhanMBP.local","pid":9871,"level":20,"msg":"Processed: \u001b[35mlayout/_macro/post.swig\u001b[39m","time":"2017-04-18T01:30:46.220Z","v":0}
{"name":"hexo","hostname":"wenhanMBP.local","pid":9871,"level":20,"msg":"Processed: \u001b[35mlayout/_macro/sidebar.swig\u001b[39m","time":"2017-04-18T01:30:46.221Z","v":0}
{"name":"hexo","hostname":"wenhanMBP.local","pid":9871,"level":20,"msg":"Processed: \u001b[35mlayout/_macro/wechat-subscriber.swig\u001b[39m","time":"2017-04-18T01:30:46.222Z","v":0}
{"name":"hexo","hostname":"wenhanMBP.local","pid":9871,"level":20,"msg":"Processed: \u001b[35mlayout/_partials/comments.swig\u001b[39m","time":"2017-04-18T01:30:46.222Z","v":0}
{"name":"hexo","hostname":"wenhanMBP.local","pid":9871,"level":20,"msg":"Processed: \u001b[35mlayout/_partials/footer.swig\u001b[39m","time":"2017-04-18T01:30:46.222Z","v":0}
{"name":"hexo","hostname":"wenhanMBP.local","pid":9871,"level":20,"msg":"Processed: \u001b[35mlayout/_partials/head.swig\u001b[39m","time":"2017-04-18T01:30:46.222Z","v":0}
{"name":"hexo","hostname":"wenhanMBP.local","pid":9871,"level":20,"msg":"Processed: \u001b[35mlayout/_partials/header.swig\u001b[39m","time":"2017-04-18T01:30:46.223Z","v":0}
{"name":"hexo","hostname":"wenhanMBP.local","pid":9871,"level":20,"msg":"Processed: \u001b[35mlayout/_partials/page-header.swig\u001b[39m","time":"2017-04-18T01:30:46.223Z","v":0}
{"name":"hexo","hostname":"wenhanMBP.local","pid":9871,"level":20,"msg":"Processed: \u001b[35mlayout/_partials/pagination.swig\u001b[39m","time":"2017-04-18T01:30:46.223Z","v":0}
{"name":"hexo","hostname":"wenhanMBP.local","pid":9871,"level":20,"msg":"Processed: \u001b[35mlayout/_partials/search.swig\u001b[39m","time":"2017-04-18T01:30:46.223Z","v":0}
{"name":"hexo","hostname":"wenhanMBP.local","pid":9871,"level":20,"msg":"Processed: \u001b[35mlayout/_scripts/boostrap.swig\u001b[39m","time":"2017-04-18T01:30:46.223Z","v":0}
{"name":"hexo","hostname":"wenhanMBP.local","pid":9871,"level":20,"msg":"Processed: \u001b[35mlayout/_scripts/commons.swig\u001b[39m","time":"2017-04-18T01:30:46.223Z","v":0}
{"name":"hexo","hostname":"wenhanMBP.local","pid":9871,"level":20,"msg":"Processed: \u001b[35mlayout/_scripts/vendors.swig\u001b[39m","time":"2017-04-18T01:30:46.223Z","v":0}
{"name":"hexo","hostname":"wenhanMBP.local","pid":9871,"level":20,"msg":"Processed: \u001b[35mlayout/_third-party/duoshuo-hot-articles.swig\u001b[39m","time":"2017-04-18T01:30:46.223Z","v":0}
{"name":"hexo","hostname":"wenhanMBP.local","pid":9871,"level":20,"msg":"Processed: \u001b[35mlayout/_third-party/exturl.swig\u001b[39m","time":"2017-04-18T01:30:46.223Z","v":0}
{"name":"hexo","hostname":"wenhanMBP.local","pid":9871,"level":20,"msg":"Processed: \u001b[35mlayout/_third-party/schedule.swig\u001b[39m","time":"2017-04-18T01:30:46.223Z","v":0}
{"name":"hexo","hostname":"wenhanMBP.local","pid":9871,"level":20,"msg":"Processed: \u001b[35mlayout/_third-party/scroll-cookie.swig\u001b[39m","time":"2017-04-18T01:30:46.224Z","v":0}
{"name":"hexo","hostname":"wenhanMBP.local","pid":9871,"level":20,"msg":"Processed: \u001b[35mlayout/_third-party/mathjax.swig\u001b[39m","time":"2017-04-18T01:30:46.224Z","v":0}
{"name":"hexo","hostname":"wenhanMBP.local","pid":9871,"level":20,"msg":"Processed: \u001b[35msource/js/src/schemes/pisces.js\u001b[39m","time":"2017-04-18T01:30:46.226Z","v":0}
{"name":"hexo","hostname":"wenhanMBP.local","pid":9871,"level":20,"msg":"Processed: \u001b[35msource/lib/fancybox/source/blank.gif\u001b[39m","time":"2017-04-18T01:30:46.227Z","v":0}
{"name":"hexo","hostname":"wenhanMBP.local","pid":9871,"level":20,"msg":"Processed: \u001b[35msource/lib/fancybox/source/fancybox_loading@2x.gif\u001b[39m","time":"2017-04-18T01:30:46.227Z","v":0}
{"name":"hexo","hostname":"wenhanMBP.local","pid":9871,"level":20,"msg":"Processed: \u001b[35msource/lib/fancybox/source/fancybox_loading.gif\u001b[39m","time":"2017-04-18T01:30:46.228Z","v":0}
{"name":"hexo","hostname":"wenhanMBP.local","pid":9871,"level":20,"msg":"Processed: \u001b[35msource/lib/fancybox/source/fancybox_overlay.png\u001b[39m","time":"2017-04-18T01:30:46.228Z","v":0}
{"name":"hexo","hostname":"wenhanMBP.local","pid":9871,"level":20,"msg":"Processed: \u001b[35msource/lib/fancybox/source/fancybox_sprite.png\u001b[39m","time":"2017-04-18T01:30:46.229Z","v":0}
{"name":"hexo","hostname":"wenhanMBP.local","pid":9871,"level":20,"msg":"Processed: \u001b[35msource/lib/fancybox/source/fancybox_sprite@2x.png\u001b[39m","time":"2017-04-18T01:30:46.229Z","v":0}
{"name":"hexo","hostname":"wenhanMBP.local","pid":9871,"level":20,"msg":"Processed: \u001b[35msource/lib/fancybox/source/jquery.fancybox.css\u001b[39m","time":"2017-04-18T01:30:46.230Z","v":0}
{"name":"hexo","hostname":"wenhanMBP.local","pid":9871,"level":20,"msg":"Processed: \u001b[35msource/lib/fancybox/source/jquery.fancybox.pack.js\u001b[39m","time":"2017-04-18T01:30:46.230Z","v":0}
{"name":"hexo","hostname":"wenhanMBP.local","pid":9871,"level":20,"msg":"Processed: \u001b[35msource/lib/fancybox/source/jquery.fancybox.js\u001b[39m","time":"2017-04-18T01:30:46.230Z","v":0}
{"name":"hexo","hostname":"wenhanMBP.local","pid":9871,"level":20,"msg":"Processed: \u001b[35msource/lib/fastclick/lib/fastclick.min.js\u001b[39m","time":"2017-04-18T01:30:46.230Z","v":0}
{"name":"hexo","hostname":"wenhanMBP.local","pid":9871,"level":20,"msg":"Processed: \u001b[35msource/lib/fastclick/lib/fastclick.js\u001b[39m","time":"2017-04-18T01:30:46.231Z","v":0}
{"name":"hexo","hostname":"wenhanMBP.local","pid":9871,"level":20,"msg":"Processed: \u001b[35msource/lib/font-awesome/css/font-awesome.css\u001b[39m","time":"2017-04-18T01:30:46.231Z","v":0}
{"name":"hexo","hostname":"wenhanMBP.local","pid":9871,"level":20,"msg":"Processed: \u001b[35msource/lib/font-awesome/css/font-awesome.min.css\u001b[39m","time":"2017-04-18T01:30:46.232Z","v":0}
{"name":"hexo","hostname":"wenhanMBP.local","pid":9871,"level":20,"msg":"Processed: \u001b[35msource/lib/font-awesome/css/font-awesome.css.map\u001b[39m","time":"2017-04-18T01:30:46.233Z","v":0}
{"name":"hexo","hostname":"wenhanMBP.local","pid":9871,"level":20,"msg":"Processed: \u001b[35msource/lib/ua-parser-js/dist/ua-parser.min.js\u001b[39m","time":"2017-04-18T01:30:46.233Z","v":0}
{"name":"hexo","hostname":"wenhanMBP.local","pid":9871,"level":20,"msg":"Processed: \u001b[35msource/lib/ua-parser-js/dist/ua-parser.pack.js\u001b[39m","time":"2017-04-18T01:30:46.233Z","v":0}
{"name":"hexo","hostname":"wenhanMBP.local","pid":9871,"level":20,"msg":"Processed: \u001b[35mlayout/_scripts/schemes/mist.swig\u001b[39m","time":"2017-04-18T01:30:46.240Z","v":0}
{"name":"hexo","hostname":"wenhanMBP.local","pid":9871,"level":20,"msg":"Processed: \u001b[35mlayout/_scripts/schemes/muse.swig\u001b[39m","time":"2017-04-18T01:30:46.240Z","v":0}
{"name":"hexo","hostname":"wenhanMBP.local","pid":9871,"level":20,"msg":"Processed: \u001b[35msource/lib/font-awesome/fonts/fontawesome-webfont.woff2\u001b[39m","time":"2017-04-18T01:30:46.240Z","v":0}
{"name":"hexo","hostname":"wenhanMBP.local","pid":9871,"level":20,"msg":"Processed: \u001b[35msource/lib/font-awesome/fonts/fontawesome-webfont.woff\u001b[39m","time":"2017-04-18T01:30:46.241Z","v":0}
{"name":"hexo","hostname":"wenhanMBP.local","pid":9871,"level":20,"msg":"Processed: \u001b[35mlayout/_partials/head/custom-head.swig\u001b[39m","time":"2017-04-18T01:30:46.281Z","v":0}
{"name":"hexo","hostname":"wenhanMBP.local","pid":9871,"level":20,"msg":"Processed: \u001b[35mlayout/_partials/head/external-fonts.swig\u001b[39m","time":"2017-04-18T01:30:46.281Z","v":0}
{"name":"hexo","hostname":"wenhanMBP.local","pid":9871,"level":20,"msg":"Processed: \u001b[35mlayout/_partials/search/localsearch.swig\u001b[39m","time":"2017-04-18T01:30:46.282Z","v":0}
{"name":"hexo","hostname":"wenhanMBP.local","pid":9871,"level":20,"msg":"Processed: \u001b[35mlayout/_partials/search/swiftype.swig\u001b[39m","time":"2017-04-18T01:30:46.282Z","v":0}
{"name":"hexo","hostname":"wenhanMBP.local","pid":9871,"level":20,"msg":"Processed: \u001b[35mlayout/_partials/share/add-this.swig\u001b[39m","time":"2017-04-18T01:30:46.282Z","v":0}
{"name":"hexo","hostname":"wenhanMBP.local","pid":9871,"level":20,"msg":"Processed: \u001b[35mlayout/_partials/search/tinysou.swig\u001b[39m","time":"2017-04-18T01:30:46.282Z","v":0}
{"name":"hexo","hostname":"wenhanMBP.local","pid":9871,"level":20,"msg":"Processed: \u001b[35mlayout/_partials/share/baidushare.swig\u001b[39m","time":"2017-04-18T01:30:46.282Z","v":0}
{"name":"hexo","hostname":"wenhanMBP.local","pid":9871,"level":20,"msg":"Processed: \u001b[35mlayout/_partials/share/duoshuo_share.swig\u001b[39m","time":"2017-04-18T01:30:46.282Z","v":0}
{"name":"hexo","hostname":"wenhanMBP.local","pid":9871,"level":20,"msg":"Processed: \u001b[35mlayout/_partials/share/jiathis.swig\u001b[39m","time":"2017-04-18T01:30:46.282Z","v":0}
{"name":"hexo","hostname":"wenhanMBP.local","pid":9871,"level":20,"msg":"Processed: \u001b[35mlayout/_scripts/pages/post-details.swig\u001b[39m","time":"2017-04-18T01:30:46.282Z","v":0}
{"name":"hexo","hostname":"wenhanMBP.local","pid":9871,"level":20,"msg":"Processed: \u001b[35mlayout/_scripts/schemes/pisces.swig\u001b[39m","time":"2017-04-18T01:30:46.282Z","v":0}
{"name":"hexo","hostname":"wenhanMBP.local","pid":9871,"level":20,"msg":"Processed: \u001b[35mlayout/_third-party/analytics/application-insights.swig\u001b[39m","time":"2017-04-18T01:30:46.282Z","v":0}
{"name":"hexo","hostname":"wenhanMBP.local","pid":9871,"level":20,"msg":"Processed: \u001b[35mlayout/_third-party/analytics/baidu-analytics.swig\u001b[39m","time":"2017-04-18T01:30:46.282Z","v":0}
{"name":"hexo","hostname":"wenhanMBP.local","pid":9871,"level":20,"msg":"Processed: \u001b[35mlayout/_third-party/analytics/busuanzi-counter.swig\u001b[39m","time":"2017-04-18T01:30:46.282Z","v":0}
{"name":"hexo","hostname":"wenhanMBP.local","pid":9871,"level":20,"msg":"Processed: \u001b[35mlayout/_third-party/analytics/cnzz-analytics.swig\u001b[39m","time":"2017-04-18T01:30:46.282Z","v":0}
{"name":"hexo","hostname":"wenhanMBP.local","pid":9871,"level":20,"msg":"Processed: \u001b[35mlayout/_third-party/analytics/facebook-sdk.swig\u001b[39m","time":"2017-04-18T01:30:46.290Z","v":0}
{"name":"hexo","hostname":"wenhanMBP.local","pid":9871,"level":20,"msg":"Processed: \u001b[35mlayout/_third-party/analytics/google-analytics.swig\u001b[39m","time":"2017-04-18T01:30:46.290Z","v":0}
{"name":"hexo","hostname":"wenhanMBP.local","pid":9871,"level":20,"msg":"Processed: \u001b[35mlayout/_third-party/analytics/index.swig\u001b[39m","time":"2017-04-18T01:30:46.290Z","v":0}
{"name":"hexo","hostname":"wenhanMBP.local","pid":9871,"level":20,"msg":"Processed: \u001b[35mlayout/_third-party/analytics/lean-analytics.swig\u001b[39m","time":"2017-04-18T01:30:46.290Z","v":0}
{"name":"hexo","hostname":"wenhanMBP.local","pid":9871,"level":20,"msg":"Processed: \u001b[35mlayout/_third-party/analytics/tencent-analytics.swig\u001b[39m","time":"2017-04-18T01:30:46.290Z","v":0}
{"name":"hexo","hostname":"wenhanMBP.local","pid":9871,"level":20,"msg":"Processed: \u001b[35mlayout/_third-party/analytics/tencent-mta.swig\u001b[39m","time":"2017-04-18T01:30:46.290Z","v":0}
{"name":"hexo","hostname":"wenhanMBP.local","pid":9871,"level":20,"msg":"Processed: \u001b[35mlayout/_third-party/analytics/vkontakte-api.swig\u001b[39m","time":"2017-04-18T01:30:46.290Z","v":0}
{"name":"hexo","hostname":"wenhanMBP.local","pid":9871,"level":20,"msg":"Processed: \u001b[35mlayout/_third-party/comments/changyan.swig\u001b[39m","time":"2017-04-18T01:30:46.290Z","v":0}
{"name":"hexo","hostname":"wenhanMBP.local","pid":9871,"level":20,"msg":"Processed: \u001b[35mlayout/_third-party/comments/disqus.swig\u001b[39m","time":"2017-04-18T01:30:46.290Z","v":0}
{"name":"hexo","hostname":"wenhanMBP.local","pid":9871,"level":20,"msg":"Processed: \u001b[35mlayout/_third-party/comments/duoshuo.swig\u001b[39m","time":"2017-04-18T01:30:46.291Z","v":0}
{"name":"hexo","hostname":"wenhanMBP.local","pid":9871,"level":20,"msg":"Processed: \u001b[35mlayout/_third-party/comments/gentie.swig\u001b[39m","time":"2017-04-18T01:30:46.291Z","v":0}
{"name":"hexo","hostname":"wenhanMBP.local","pid":9871,"level":20,"msg":"Processed: \u001b[35mlayout/_third-party/comments/hypercomments.swig\u001b[39m","time":"2017-04-18T01:30:46.291Z","v":0}
{"name":"hexo","hostname":"wenhanMBP.local","pid":9871,"level":20,"msg":"Processed: \u001b[35mlayout/_third-party/comments/index.swig\u001b[39m","time":"2017-04-18T01:30:46.291Z","v":0}
{"name":"hexo","hostname":"wenhanMBP.local","pid":9871,"level":20,"msg":"Processed: \u001b[35mlayout/_third-party/comments/livere.swig\u001b[39m","time":"2017-04-18T01:30:46.291Z","v":0}
{"name":"hexo","hostname":"wenhanMBP.local","pid":9871,"level":20,"msg":"Processed: \u001b[35mlayout/_third-party/comments/youyan.swig\u001b[39m","time":"2017-04-18T01:30:46.291Z","v":0}
{"name":"hexo","hostname":"wenhanMBP.local","pid":9871,"level":20,"msg":"Processed: \u001b[35mlayout/_third-party/search/index.swig\u001b[39m","time":"2017-04-18T01:30:46.291Z","v":0}
{"name":"hexo","hostname":"wenhanMBP.local","pid":9871,"level":20,"msg":"Processed: \u001b[35mlayout/_third-party/search/localsearch.swig\u001b[39m","time":"2017-04-18T01:30:46.291Z","v":0}
{"name":"hexo","hostname":"wenhanMBP.local","pid":9871,"level":20,"msg":"Processed: \u001b[35mlayout/_third-party/search/tinysou.swig\u001b[39m","time":"2017-04-18T01:30:46.291Z","v":0}
{"name":"hexo","hostname":"wenhanMBP.local","pid":9871,"level":20,"msg":"Processed: \u001b[35mlayout/_third-party/seo/baidu-push.swig\u001b[39m","time":"2017-04-18T01:30:46.291Z","v":0}
{"name":"hexo","hostname":"wenhanMBP.local","pid":9871,"level":20,"msg":"Processed: \u001b[35msource/lib/velocity/velocity.js\u001b[39m","time":"2017-04-18T01:30:46.298Z","v":0}
{"name":"hexo","hostname":"wenhanMBP.local","pid":9871,"level":20,"msg":"Processed: \u001b[35msource/lib/fancybox/source/helpers/fancybox_buttons.png\u001b[39m","time":"2017-04-18T01:30:46.299Z","v":0}
{"name":"hexo","hostname":"wenhanMBP.local","pid":9871,"level":20,"msg":"Processed: \u001b[35msource/lib/fancybox/source/helpers/jquery.fancybox-buttons.css\u001b[39m","time":"2017-04-18T01:30:46.299Z","v":0}
{"name":"hexo","hostname":"wenhanMBP.local","pid":9871,"level":20,"msg":"Processed: \u001b[35msource/lib/fancybox/source/helpers/jquery.fancybox-buttons.js\u001b[39m","time":"2017-04-18T01:30:46.300Z","v":0}
{"name":"hexo","hostname":"wenhanMBP.local","pid":9871,"level":20,"msg":"Processed: \u001b[35msource/lib/fancybox/source/helpers/jquery.fancybox-media.js\u001b[39m","time":"2017-04-18T01:30:46.300Z","v":0}
{"name":"hexo","hostname":"wenhanMBP.local","pid":9871,"level":20,"msg":"Processed: \u001b[35msource/lib/fancybox/source/helpers/jquery.fancybox-thumbs.css\u001b[39m","time":"2017-04-18T01:30:46.300Z","v":0}
{"name":"hexo","hostname":"wenhanMBP.local","pid":9871,"level":20,"msg":"Processed: \u001b[35msource/lib/fancybox/source/helpers/jquery.fancybox-thumbs.js\u001b[39m","time":"2017-04-18T01:30:46.301Z","v":0}
{"name":"hexo","hostname":"wenhanMBP.local","pid":9871,"level":20,"msg":"Processed: \u001b[35msource/lib/font-awesome/fonts/FontAwesome.otf\u001b[39m","time":"2017-04-18T01:30:46.301Z","v":0}
{"name":"hexo","hostname":"wenhanMBP.local","pid":9871,"level":20,"msg":"Processed: \u001b[35msource/lib/font-awesome/fonts/fontawesome-webfont.eot\u001b[39m","time":"2017-04-18T01:30:46.301Z","v":0}
{"name":"hexo","hostname":"wenhanMBP.local","pid":9871,"level":20,"msg":"Processed: \u001b[35msource/lib/font-awesome/fonts/fontawesome-webfont.ttf\u001b[39m","time":"2017-04-18T01:30:46.301Z","v":0}
{"name":"hexo","hostname":"wenhanMBP.local","pid":9871,"level":20,"msg":"Processed: \u001b[35mlayout/_third-party/search/algolia-search/assets.swig\u001b[39m","time":"2017-04-18T01:30:46.304Z","v":0}
{"name":"hexo","hostname":"wenhanMBP.local","pid":9871,"level":20,"msg":"Processed: \u001b[35mlayout/_third-party/search/algolia-search/dom.swig\u001b[39m","time":"2017-04-18T01:30:46.305Z","v":0}
{"name":"hexo","hostname":"wenhanMBP.local","pid":9871,"level":20,"msg":"Processed: \u001b[35msource/lib/algolia-instant-search/instantsearch.min.js\u001b[39m","time":"2017-04-18T01:30:46.305Z","v":0}
{"name":"hexo","hostname":"wenhanMBP.local","pid":9871,"level":20,"msg":"Processed: \u001b[35msource/lib/three/three.min.js\u001b[39m","time":"2017-04-18T01:30:46.306Z","v":0}
{"name":"hexo","hostname":"wenhanMBP.local","pid":9871,"level":20,"msg":"Processed: \u001b[35msource/lib/font-awesome/fonts/fontawesome-webfont.svg\u001b[39m","time":"2017-04-18T01:30:46.309Z","v":0}
{"name":"hexo","hostname":"wenhanMBP.local","pid":9871,"level":20,"msg":"Generator: \u001b[35mpage\u001b[39m","time":"2017-04-18T01:30:46.430Z","v":0}
{"name":"hexo","hostname":"wenhanMBP.local","pid":9871,"level":20,"msg":"Generator: \u001b[35mpost\u001b[39m","time":"2017-04-18T01:30:46.430Z","v":0}
{"name":"hexo","hostname":"wenhanMBP.local","pid":9871,"level":20,"msg":"Generator: \u001b[35marchive\u001b[39m","time":"2017-04-18T01:30:46.430Z","v":0}
{"name":"hexo","hostname":"wenhanMBP.local","pid":9871,"level":20,"msg":"Generator: \u001b[35mcategory\u001b[39m","time":"2017-04-18T01:30:46.430Z","v":0}
{"name":"hexo","hostname":"wenhanMBP.local","pid":9871,"level":20,"msg":"Generator: \u001b[35mindex\u001b[39m","time":"2017-04-18T01:30:46.430Z","v":0}
{"name":"hexo","hostname":"wenhanMBP.local","pid":9871,"level":20,"msg":"Generator: \u001b[35mtag\u001b[39m","time":"2017-04-18T01:30:46.430Z","v":0}
{"name":"hexo","hostname":"wenhanMBP.local","pid":9871,"level":20,"msg":"Generator: \u001b[35masset\u001b[39m","time":"2017-04-18T01:30:46.432Z","v":0}
{"name":"hexo","hostname":"wenhanMBP.local","pid":9871,"level":30,"msg":"Hexo is running at \u001b[4mhttp://localhost:4000/\u001b[24m. Press Ctrl+C to stop.","time":"2017-04-18T01:30:46.450Z","v":0}
{"name":"hexo","hostname":"wenhanMBP.local","pid":9871,"level":20,"msg":"Database saved","time":"2017-04-18T01:30:46.467Z","v":0}
{"name":"hexo","hostname":"wenhanMBP.local","pid":9871,"level":20,"msg":"Processed: \u001b[35mimages/debug.log\u001b[39m","time":"2017-04-18T01:30:49.949Z","v":0}
{"name":"hexo","hostname":"wenhanMBP.local","pid":9871,"level":20,"msg":"Generator: \u001b[35mpage\u001b[39m","time":"2017-04-18T01:30:50.068Z","v":0}
{"name":"hexo","hostname":"wenhanMBP.local","pid":9871,"level":20,"msg":"Generator: \u001b[35mpost\u001b[39m","time":"2017-04-18T01:30:50.069Z","v":0}
{"name":"hexo","hostname":"wenhanMBP.local","pid":9871,"level":20,"msg":"Generator: \u001b[35marchive\u001b[39m","time":"2017-04-18T01:30:50.069Z","v":0}
{"name":"hexo","hostname":"wenhanMBP.local","pid":9871,"level":20,"msg":"Generator: \u001b[35mcategory\u001b[39m","time":"2017-04-18T01:30:50.069Z","v":0}
{"name":"hexo","hostname":"wenhanMBP.local","pid":9871,"level":20,"msg":"Generator: \u001b[35mindex\u001b[39m","time":"2017-04-18T01:30:50.069Z","v":0}
{"name":"hexo","hostname":"wenhanMBP.local","pid":9871,"level":20,"msg":"Generator: \u001b[35mtag\u001b[39m","time":"2017-04-18T01:30:50.069Z","v":0}
{"name":"hexo","hostname":"wenhanMBP.local","pid":9871,"level":20,"msg":"Generator: \u001b[35masset\u001b[39m","time":"2017-04-18T01:30:50.074Z","v":0}
{"name":"hexo","hostname":"wenhanMBP.local","pid":9871,"level":20,"msg":"Rendering index: \u001b[35mindex.html\u001b[39m","time":"2017-04-18T01:30:55.537Z","v":0}
{"name":"hexo","hostname":"wenhanMBP.local","pid":9871,"level":30,"msg":"Farewell","time":"2017-04-18T01:31:22.864Z","v":0}
{"name":"hexo","hostname":"wenhanMBP.local","pid":9871,"level":20,"msg":"Database saved","time":"2017-04-18T01:31:22.880Z","v":0}
{"name":"hexo","hostname":"wenhanMBP.local","pid":10143,"level":20,"msg":"Hexo version: \u001b[35m3.2.2\u001b[39m","time":"2017-04-18T01:33:14.263Z","v":0}
{"name":"hexo","hostname":"wenhanMBP.local","pid":10143,"level":20,"msg":"Working directory: \u001b[35m~/Dropbox/Git/xibuka.github.io.src/\u001b[39m","time":"2017-04-18T01:33:14.265Z","v":0}
{"name":"hexo","hostname":"wenhanMBP.local","pid":10143,"level":20,"msg":"Config loaded: \u001b[35m~/Dropbox/Git/xibuka.github.io.src/_config.yml\u001b[39m","time":"2017-04-18T01:33:14.352Z","v":0}
{"name":"hexo","hostname":"wenhanMBP.local","pid":10143,"level":20,"msg":"Script loaded: \u001b[35mthemes/next/scripts/merge-configs.js\u001b[39m","time":"2017-04-18T01:33:14.374Z","v":0}
{"name":"hexo","hostname":"wenhanMBP.local","pid":10143,"level":20,"msg":"Script loaded: \u001b[35mthemes/next/scripts/tags/button.js\u001b[39m","time":"2017-04-18T01:33:14.375Z","v":0}
{"name":"hexo","hostname":"wenhanMBP.local","pid":10143,"level":20,"msg":"Script loaded: \u001b[35mthemes/next/scripts/tags/center-quote.js\u001b[39m","time":"2017-04-18T01:33:14.375Z","v":0}
{"name":"hexo","hostname":"wenhanMBP.local","pid":10143,"level":20,"msg":"Script loaded: \u001b[35mthemes/next/scripts/merge.js\u001b[39m","time":"2017-04-18T01:33:14.378Z","v":0}
{"name":"hexo","hostname":"wenhanMBP.local","pid":10143,"level":20,"msg":"Script loaded: \u001b[35mthemes/next/scripts/tags/exturl.js\u001b[39m","time":"2017-04-18T01:33:14.378Z","v":0}
{"name":"hexo","hostname":"wenhanMBP.local","pid":10143,"level":20,"msg":"Script loaded: \u001b[35mthemes/next/scripts/tags/full-image.js\u001b[39m","time":"2017-04-18T01:33:14.379Z","v":0}
{"name":"hexo","hostname":"wenhanMBP.local","pid":10143,"level":20,"msg":"Script loaded: \u001b[35mthemes/next/scripts/tags/group-pictures.js\u001b[39m","time":"2017-04-18T01:33:14.379Z","v":0}
{"name":"hexo","hostname":"wenhanMBP.local","pid":10143,"level":20,"msg":"Script loaded: \u001b[35mthemes/next/scripts/tags/note.js\u001b[39m","time":"2017-04-18T01:33:14.380Z","v":0}
{"name":"hexo","hostname":"wenhanMBP.local","pid":10143,"level":20,"msg":"Plugin loaded: \u001b[35mhexo-deployer-git\u001b[39m","time":"2017-04-18T01:33:14.381Z","v":0}
{"name":"hexo","hostname":"wenhanMBP.local","pid":10143,"level":20,"msg":"Plugin loaded: \u001b[35mhexo-generator-archive\u001b[39m","time":"2017-04-18T01:33:14.384Z","v":0}
{"name":"hexo","hostname":"wenhanMBP.local","pid":10143,"level":20,"msg":"Plugin loaded: \u001b[35mhexo-generator-category\u001b[39m","time":"2017-04-18T01:33:14.385Z","v":0}
{"name":"hexo","hostname":"wenhanMBP.local","pid":10143,"level":20,"msg":"Plugin loaded: \u001b[35mhexo-generator-index\u001b[39m","time":"2017-04-18T01:33:14.386Z","v":0}
{"name":"hexo","hostname":"wenhanMBP.local","pid":10143,"level":20,"msg":"Plugin loaded: \u001b[35mhexo-generator-tag\u001b[39m","time":"2017-04-18T01:33:14.387Z","v":0}
{"name":"hexo","hostname":"wenhanMBP.local","pid":10143,"level":20,"msg":"Plugin loaded: \u001b[35mhexo-renderer-ejs\u001b[39m","time":"2017-04-18T01:33:14.389Z","v":0}
{"name":"hexo","hostname":"wenhanMBP.local","pid":10143,"level":20,"msg":"Plugin loaded: \u001b[35mhexo-renderer-jade\u001b[39m","time":"2017-04-18T01:33:14.598Z","v":0}
{"name":"hexo","hostname":"wenhanMBP.local","pid":10143,"level":20,"msg":"Plugin loaded: \u001b[35mhexo-renderer-marked\u001b[39m","time":"2017-04-18T01:33:14.603Z","v":0}
{"name":"hexo","hostname":"wenhanMBP.local","pid":10143,"level":20,"msg":"Plugin loaded: \u001b[35mhexo-renderer-sass\u001b[39m","time":"2017-04-18T01:33:14.614Z","v":0}
{"name":"hexo","hostname":"wenhanMBP.local","pid":10143,"level":20,"msg":"Plugin loaded: \u001b[35mhexo-renderer-stylus\u001b[39m","time":"2017-04-18T01:33:14.616Z","v":0}
{"name":"hexo","hostname":"wenhanMBP.local","pid":10143,"level":20,"msg":"Plugin loaded: \u001b[35mhexo-server\u001b[39m","time":"2017-04-18T01:33:14.660Z","v":0}
{"name":"hexo","hostname":"wenhanMBP.local","pid":10143,"level":20,"msg":"Loading database.","time":"2017-04-18T01:33:14.671Z","v":0}
{"name":"hexo","hostname":"wenhanMBP.local","pid":10143,"level":30,"msg":"Start processing","time":"2017-04-18T01:33:14.776Z","v":0}
{"name":"hexo","hostname":"wenhanMBP.local","pid":10143,"level":20,"msg":"Processed: \u001b[35m_posts/GoogleMap-On-iOS.md\u001b[39m","time":"2017-04-18T01:33:14.901Z","v":0}
{"name":"hexo","hostname":"wenhanMBP.local","pid":10143,"level":20,"msg":"Processed: \u001b[35m_posts/Install-Of-Hexo.md\u001b[39m","time":"2017-04-18T01:33:14.901Z","v":0}
{"name":"hexo","hostname":"wenhanMBP.local","pid":10143,"level":20,"msg":"Processed: \u001b[35m_posts/Manage-Vim-plugins-with-Vundle.md\u001b[39m","time":"2017-04-18T01:33:14.901Z","v":0}
{"name":"hexo","hostname":"wenhanMBP.local","pid":10143,"level":20,"msg":"Processed: \u001b[35m_posts/Python-Print-format.md\u001b[39m","time":"2017-04-18T01:33:14.901Z","v":0}
{"name":"hexo","hostname":"wenhanMBP.local","pid":10143,"level":20,"msg":"Processed: \u001b[35m_posts/Python-reverse-str-to-check-Palindrome.md\u001b[39m","time":"2017-04-18T01:33:14.902Z","v":0}
{"name":"hexo","hostname":"wenhanMBP.local","pid":10143,"level":20,"msg":"Processed: \u001b[35m_posts/cannot-ssh-to-server-by-root-user.md\u001b[39m","time":"2017-04-18T01:33:14.904Z","v":0}
{"name":"hexo","hostname":"wenhanMBP.local","pid":10143,"level":20,"msg":"Processed: \u001b[35m_posts/crawling-webpage-use-python-requests.md\u001b[39m","time":"2017-04-18T01:33:14.904Z","v":0}
{"name":"hexo","hostname":"wenhanMBP.local","pid":10143,"level":20,"msg":"Processed: \u001b[35m_posts/google-maps-api-with-python.md\u001b[39m","time":"2017-04-18T01:33:14.904Z","v":0}
{"name":"hexo","hostname":"wenhanMBP.local","pid":10143,"level":20,"msg":"Processed: \u001b[35m_posts/install-vim-8-with-python.md\u001b[39m","time":"2017-04-18T01:33:14.904Z","v":0}
{"name":"hexo","hostname":"wenhanMBP.local","pid":10143,"level":20,"msg":"Processed: \u001b[35mimages/me.jpg\u001b[39m","time":"2017-04-18T01:33:14.905Z","v":0}
{"name":"hexo","hostname":"wenhanMBP.local","pid":10143,"level":20,"msg":"Processed: \u001b[35mimages/debug.log\u001b[39m","time":"2017-04-18T01:33:14.906Z","v":0}
{"name":"hexo","hostname":"wenhanMBP.local","pid":10143,"level":20,"msg":"Theme config loaded.","time":"2017-04-18T01:33:14.949Z","v":0}
{"name":"hexo","hostname":"wenhanMBP.local","pid":10143,"level":20,"msg":"Processed: \u001b[35m_config.yml\u001b[39m","time":"2017-04-18T01:33:14.951Z","v":0}
{"name":"hexo","hostname":"wenhanMBP.local","pid":10143,"level":20,"msg":"Processed: \u001b[35msource/css/main.styl\u001b[39m","time":"2017-04-18T01:33:14.952Z","v":0}
{"name":"hexo","hostname":"wenhanMBP.local","pid":10143,"level":20,"msg":"Processed: \u001b[35msource/images/algolia_logo.svg\u001b[39m","time":"2017-04-18T01:33:14.952Z","v":0}
{"name":"hexo","hostname":"wenhanMBP.local","pid":10143,"level":20,"msg":"Processed: \u001b[35msource/images/avatar.gif\u001b[39m","time":"2017-04-18T01:33:14.952Z","v":0}
{"name":"hexo","hostname":"wenhanMBP.local","pid":10143,"level":20,"msg":"Processed: \u001b[35msource/images/cc-by-nc-nd.svg\u001b[39m","time":"2017-04-18T01:33:14.952Z","v":0}
{"name":"hexo","hostname":"wenhanMBP.local","pid":10143,"level":20,"msg":"Processed: \u001b[35msource/images/cc-by-nc-sa.svg\u001b[39m","time":"2017-04-18T01:33:14.953Z","v":0}
{"name":"hexo","hostname":"wenhanMBP.local","pid":10143,"level":20,"msg":"Processed: \u001b[35msource/images/cc-by-nc.svg\u001b[39m","time":"2017-04-18T01:33:14.953Z","v":0}
{"name":"hexo","hostname":"wenhanMBP.local","pid":10143,"level":20,"msg":"Processed: \u001b[35msource/images/cc-by-nd.svg\u001b[39m","time":"2017-04-18T01:33:14.953Z","v":0}
{"name":"hexo","hostname":"wenhanMBP.local","pid":10143,"level":20,"msg":"Processed: \u001b[35msource/images/cc-by-sa.svg\u001b[39m","time":"2017-04-18T01:33:14.953Z","v":0}
{"name":"hexo","hostname":"wenhanMBP.local","pid":10143,"level":20,"msg":"Processed: \u001b[35msource/images/cc-by.svg\u001b[39m","time":"2017-04-18T01:33:14.954Z","v":0}
{"name":"hexo","hostname":"wenhanMBP.local","pid":10143,"level":20,"msg":"Processed: \u001b[35msource/images/loading.gif\u001b[39m","time":"2017-04-18T01:33:14.954Z","v":0}
{"name":"hexo","hostname":"wenhanMBP.local","pid":10143,"level":20,"msg":"Processed: \u001b[35msource/images/cc-zero.svg\u001b[39m","time":"2017-04-18T01:33:14.954Z","v":0}
{"name":"hexo","hostname":"wenhanMBP.local","pid":10143,"level":20,"msg":"Processed: \u001b[35msource/images/placeholder.gif\u001b[39m","time":"2017-04-18T01:33:14.955Z","v":0}
{"name":"hexo","hostname":"wenhanMBP.local","pid":10143,"level":20,"msg":"Processed: \u001b[35msource/images/quote-l.svg\u001b[39m","time":"2017-04-18T01:33:14.955Z","v":0}
{"name":"hexo","hostname":"wenhanMBP.local","pid":10143,"level":20,"msg":"Processed: \u001b[35msource/images/quote-r.svg\u001b[39m","time":"2017-04-18T01:33:14.955Z","v":0}
{"name":"hexo","hostname":"wenhanMBP.local","pid":10143,"level":20,"msg":"Processed: \u001b[35msource/images/searchicon.png\u001b[39m","time":"2017-04-18T01:33:14.956Z","v":0}
{"name":"hexo","hostname":"wenhanMBP.local","pid":10143,"level":20,"msg":"Processed: \u001b[35mlayout/_layout.swig\u001b[39m","time":"2017-04-18T01:33:15.135Z","v":0}
{"name":"hexo","hostname":"wenhanMBP.local","pid":10143,"level":20,"msg":"Processed: \u001b[35mlayout/category.swig\u001b[39m","time":"2017-04-18T01:33:15.135Z","v":0}
{"name":"hexo","hostname":"wenhanMBP.local","pid":10143,"level":20,"msg":"Processed: \u001b[35mlayout/index.swig\u001b[39m","time":"2017-04-18T01:33:15.135Z","v":0}
{"name":"hexo","hostname":"wenhanMBP.local","pid":10143,"level":20,"msg":"Processed: \u001b[35mlayout/archive.swig\u001b[39m","time":"2017-04-18T01:33:15.135Z","v":0}
{"name":"hexo","hostname":"wenhanMBP.local","pid":10143,"level":20,"msg":"Processed: \u001b[35mlayout/page.swig\u001b[39m","time":"2017-04-18T01:33:15.135Z","v":0}
{"name":"hexo","hostname":"wenhanMBP.local","pid":10143,"level":20,"msg":"Processed: \u001b[35mlayout/post.swig\u001b[39m","time":"2017-04-18T01:33:15.135Z","v":0}
{"name":"hexo","hostname":"wenhanMBP.local","pid":10143,"level":20,"msg":"Processed: \u001b[35mlayout/schedule.swig\u001b[39m","time":"2017-04-18T01:33:15.135Z","v":0}
{"name":"hexo","hostname":"wenhanMBP.local","pid":10143,"level":20,"msg":"Processed: \u001b[35mlayout/tag.swig\u001b[39m","time":"2017-04-18T01:33:15.137Z","v":0}
{"name":"hexo","hostname":"wenhanMBP.local","pid":10143,"level":20,"msg":"Processed: \u001b[35mlanguages/de.yml\u001b[39m","time":"2017-04-18T01:33:15.153Z","v":0}
{"name":"hexo","hostname":"wenhanMBP.local","pid":10143,"level":20,"msg":"Processed: \u001b[35mlanguages/default.yml\u001b[39m","time":"2017-04-18T01:33:15.153Z","v":0}
{"name":"hexo","hostname":"wenhanMBP.local","pid":10143,"level":20,"msg":"Processed: \u001b[35mlanguages/en.yml\u001b[39m","time":"2017-04-18T01:33:15.153Z","v":0}
{"name":"hexo","hostname":"wenhanMBP.local","pid":10143,"level":20,"msg":"Processed: \u001b[35mlanguages/fr-FR.yml\u001b[39m","time":"2017-04-18T01:33:15.153Z","v":0}
{"name":"hexo","hostname":"wenhanMBP.local","pid":10143,"level":20,"msg":"Processed: \u001b[35mlanguages/id.yml\u001b[39m","time":"2017-04-18T01:33:15.153Z","v":0}
{"name":"hexo","hostname":"wenhanMBP.local","pid":10143,"level":20,"msg":"Processed: \u001b[35mlanguages/pt-BR.yml\u001b[39m","time":"2017-04-18T01:33:15.153Z","v":0}
{"name":"hexo","hostname":"wenhanMBP.local","pid":10143,"level":20,"msg":"Processed: \u001b[35mlanguages/ja.yml\u001b[39m","time":"2017-04-18T01:33:15.153Z","v":0}
{"name":"hexo","hostname":"wenhanMBP.local","pid":10143,"level":20,"msg":"Processed: \u001b[35mlanguages/ko.yml\u001b[39m","time":"2017-04-18T01:33:15.154Z","v":0}
{"name":"hexo","hostname":"wenhanMBP.local","pid":10143,"level":20,"msg":"Processed: \u001b[35mlanguages/pt.yml\u001b[39m","time":"2017-04-18T01:33:15.154Z","v":0}
{"name":"hexo","hostname":"wenhanMBP.local","pid":10143,"level":20,"msg":"Processed: \u001b[35mlanguages/ru.yml\u001b[39m","time":"2017-04-18T01:33:15.154Z","v":0}
{"name":"hexo","hostname":"wenhanMBP.local","pid":10143,"level":20,"msg":"Processed: \u001b[35mlanguages/zh-Hans.yml\u001b[39m","time":"2017-04-18T01:33:15.154Z","v":0}
{"name":"hexo","hostname":"wenhanMBP.local","pid":10143,"level":20,"msg":"Processed: \u001b[35mlanguages/zh-hk.yml\u001b[39m","time":"2017-04-18T01:33:15.154Z","v":0}
{"name":"hexo","hostname":"wenhanMBP.local","pid":10143,"level":20,"msg":"Processed: \u001b[35mlanguages/zh-tw.yml\u001b[39m","time":"2017-04-18T01:33:15.154Z","v":0}
{"name":"hexo","hostname":"wenhanMBP.local","pid":10143,"level":20,"msg":"Processed: \u001b[35msource/js/src/affix.js\u001b[39m","time":"2017-04-18T01:33:15.154Z","v":0}
{"name":"hexo","hostname":"wenhanMBP.local","pid":10143,"level":20,"msg":"Processed: \u001b[35msource/js/src/algolia-search.js\u001b[39m","time":"2017-04-18T01:33:15.155Z","v":0}
{"name":"hexo","hostname":"wenhanMBP.local","pid":10143,"level":20,"msg":"Processed: \u001b[35msource/js/src/bootstrap.js\u001b[39m","time":"2017-04-18T01:33:15.155Z","v":0}
{"name":"hexo","hostname":"wenhanMBP.local","pid":10143,"level":20,"msg":"Processed: \u001b[35msource/js/src/exturl.js\u001b[39m","time":"2017-04-18T01:33:15.156Z","v":0}
{"name":"hexo","hostname":"wenhanMBP.local","pid":10143,"level":20,"msg":"Processed: \u001b[35msource/js/src/hook-duoshuo.js\u001b[39m","time":"2017-04-18T01:33:15.156Z","v":0}
{"name":"hexo","hostname":"wenhanMBP.local","pid":10143,"level":20,"msg":"Processed: \u001b[35msource/js/src/js.cookie.js\u001b[39m","time":"2017-04-18T01:33:15.161Z","v":0}
{"name":"hexo","hostname":"wenhanMBP.local","pid":10143,"level":20,"msg":"Processed: \u001b[35msource/js/src/motion.js\u001b[39m","time":"2017-04-18T01:33:15.161Z","v":0}
{"name":"hexo","hostname":"wenhanMBP.local","pid":10143,"level":20,"msg":"Processed: \u001b[35msource/js/src/post-details.js\u001b[39m","time":"2017-04-18T01:33:15.162Z","v":0}
{"name":"hexo","hostname":"wenhanMBP.local","pid":10143,"level":20,"msg":"Processed: \u001b[35msource/js/src/scroll-cookie.js\u001b[39m","time":"2017-04-18T01:33:15.163Z","v":0}
{"name":"hexo","hostname":"wenhanMBP.local","pid":10143,"level":20,"msg":"Processed: \u001b[35msource/js/src/scrollspy.js\u001b[39m","time":"2017-04-18T01:33:15.163Z","v":0}
{"name":"hexo","hostname":"wenhanMBP.local","pid":10143,"level":20,"msg":"Processed: \u001b[35msource/js/src/utils.js\u001b[39m","time":"2017-04-18T01:33:15.163Z","v":0}
{"name":"hexo","hostname":"wenhanMBP.local","pid":10143,"level":20,"msg":"Processed: \u001b[35msource/lib/algolia-instant-search/instantsearch.min.css\u001b[39m","time":"2017-04-18T01:33:15.164Z","v":0}
{"name":"hexo","hostname":"wenhanMBP.local","pid":10143,"level":20,"msg":"Processed: \u001b[35msource/lib/canvas-nest/canvas-nest.min.js\u001b[39m","time":"2017-04-18T01:33:15.165Z","v":0}
{"name":"hexo","hostname":"wenhanMBP.local","pid":10143,"level":20,"msg":"Processed: \u001b[35msource/lib/canvas-ribbon/canvas-ribbon.js\u001b[39m","time":"2017-04-18T01:33:15.168Z","v":0}
{"name":"hexo","hostname":"wenhanMBP.local","pid":10143,"level":20,"msg":"Processed: \u001b[35msource/lib/fastclick/LICENSE\u001b[39m","time":"2017-04-18T01:33:15.169Z","v":0}
{"name":"hexo","hostname":"wenhanMBP.local","pid":10143,"level":20,"msg":"Processed: \u001b[35msource/lib/fastclick/bower.json\u001b[39m","time":"2017-04-18T01:33:15.169Z","v":0}
{"name":"hexo","hostname":"wenhanMBP.local","pid":10143,"level":20,"msg":"Processed: \u001b[35msource/lib/fastclick/README.md\u001b[39m","time":"2017-04-18T01:33:15.169Z","v":0}
{"name":"hexo","hostname":"wenhanMBP.local","pid":10143,"level":20,"msg":"Processed: \u001b[35msource/lib/font-awesome/HELP-US-OUT.txt\u001b[39m","time":"2017-04-18T01:33:15.170Z","v":0}
{"name":"hexo","hostname":"wenhanMBP.local","pid":10143,"level":20,"msg":"Processed: \u001b[35msource/lib/font-awesome/bower.json\u001b[39m","time":"2017-04-18T01:33:15.171Z","v":0}
{"name":"hexo","hostname":"wenhanMBP.local","pid":10143,"level":20,"msg":"Processed: \u001b[35msource/lib/jquery_lazyload/CONTRIBUTING.md\u001b[39m","time":"2017-04-18T01:33:15.171Z","v":0}
{"name":"hexo","hostname":"wenhanMBP.local","pid":10143,"level":20,"msg":"Processed: \u001b[35msource/lib/jquery_lazyload/README.md\u001b[39m","time":"2017-04-18T01:33:15.171Z","v":0}
{"name":"hexo","hostname":"wenhanMBP.local","pid":10143,"level":20,"msg":"Processed: \u001b[35msource/lib/jquery_lazyload/bower.json\u001b[39m","time":"2017-04-18T01:33:15.171Z","v":0}
{"name":"hexo","hostname":"wenhanMBP.local","pid":10143,"level":20,"msg":"Processed: \u001b[35msource/lib/jquery_lazyload/jquery.lazyload.js\u001b[39m","time":"2017-04-18T01:33:15.171Z","v":0}
{"name":"hexo","hostname":"wenhanMBP.local","pid":10143,"level":20,"msg":"Processed: \u001b[35msource/lib/jquery_lazyload/jquery.scrollstop.js\u001b[39m","time":"2017-04-18T01:33:15.172Z","v":0}
{"name":"hexo","hostname":"wenhanMBP.local","pid":10143,"level":20,"msg":"Processed: \u001b[35msource/lib/three/three-waves.min.js\u001b[39m","time":"2017-04-18T01:33:15.172Z","v":0}
{"name":"hexo","hostname":"wenhanMBP.local","pid":10143,"level":20,"msg":"Processed: \u001b[35msource/lib/velocity/bower.json\u001b[39m","time":"2017-04-18T01:33:15.172Z","v":0}
{"name":"hexo","hostname":"wenhanMBP.local","pid":10143,"level":20,"msg":"Processed: \u001b[35msource/lib/velocity/velocity.min.js\u001b[39m","time":"2017-04-18T01:33:15.173Z","v":0}
{"name":"hexo","hostname":"wenhanMBP.local","pid":10143,"level":20,"msg":"Processed: \u001b[35msource/lib/velocity/velocity.ui.min.js\u001b[39m","time":"2017-04-18T01:33:15.173Z","v":0}
{"name":"hexo","hostname":"wenhanMBP.local","pid":10143,"level":20,"msg":"Processed: \u001b[35msource/lib/velocity/velocity.ui.js\u001b[39m","time":"2017-04-18T01:33:15.173Z","v":0}
{"name":"hexo","hostname":"wenhanMBP.local","pid":10143,"level":20,"msg":"Processed: \u001b[35m_posts/Manage-Vim-plugins-with-Vundle/vim_NERDTree.png\u001b[39m","time":"2017-04-18T01:33:15.188Z","v":0}
{"name":"hexo","hostname":"wenhanMBP.local","pid":10143,"level":20,"msg":"Processed: \u001b[35msource/lib/jquery/index.js\u001b[39m","time":"2017-04-18T01:33:15.189Z","v":0}
{"name":"hexo","hostname":"wenhanMBP.local","pid":10143,"level":20,"msg":"Processed: \u001b[35mlayout/_custom/header.swig\u001b[39m","time":"2017-04-18T01:33:15.254Z","v":0}
{"name":"hexo","hostname":"wenhanMBP.local","pid":10143,"level":20,"msg":"Processed: \u001b[35mlayout/_macro/post-collapse.swig\u001b[39m","time":"2017-04-18T01:33:15.254Z","v":0}
{"name":"hexo","hostname":"wenhanMBP.local","pid":10143,"level":20,"msg":"Processed: \u001b[35mlayout/_custom/sidebar.swig\u001b[39m","time":"2017-04-18T01:33:15.254Z","v":0}
{"name":"hexo","hostname":"wenhanMBP.local","pid":10143,"level":20,"msg":"Processed: \u001b[35mlayout/_macro/post.swig\u001b[39m","time":"2017-04-18T01:33:15.254Z","v":0}
{"name":"hexo","hostname":"wenhanMBP.local","pid":10143,"level":20,"msg":"Processed: \u001b[35mlayout/_macro/post-copyright.swig\u001b[39m","time":"2017-04-18T01:33:15.254Z","v":0}
{"name":"hexo","hostname":"wenhanMBP.local","pid":10143,"level":20,"msg":"Processed: \u001b[35mlayout/_macro/wechat-subscriber.swig\u001b[39m","time":"2017-04-18T01:33:15.255Z","v":0}
{"name":"hexo","hostname":"wenhanMBP.local","pid":10143,"level":20,"msg":"Processed: \u001b[35mlayout/_macro/sidebar.swig\u001b[39m","time":"2017-04-18T01:33:15.255Z","v":0}
{"name":"hexo","hostname":"wenhanMBP.local","pid":10143,"level":20,"msg":"Processed: \u001b[35mlayout/_macro/reward.swig\u001b[39m","time":"2017-04-18T01:33:15.255Z","v":0}
{"name":"hexo","hostname":"wenhanMBP.local","pid":10143,"level":20,"msg":"Processed: \u001b[35mlayout/_partials/footer.swig\u001b[39m","time":"2017-04-18T01:33:15.255Z","v":0}
{"name":"hexo","hostname":"wenhanMBP.local","pid":10143,"level":20,"msg":"Processed: \u001b[35mlayout/_partials/comments.swig\u001b[39m","time":"2017-04-18T01:33:15.255Z","v":0}
{"name":"hexo","hostname":"wenhanMBP.local","pid":10143,"level":20,"msg":"Processed: \u001b[35mlayout/_partials/head.swig\u001b[39m","time":"2017-04-18T01:33:15.255Z","v":0}
{"name":"hexo","hostname":"wenhanMBP.local","pid":10143,"level":20,"msg":"Processed: \u001b[35mlayout/_partials/header.swig\u001b[39m","time":"2017-04-18T01:33:15.255Z","v":0}
{"name":"hexo","hostname":"wenhanMBP.local","pid":10143,"level":20,"msg":"Processed: \u001b[35mlayout/_partials/page-header.swig\u001b[39m","time":"2017-04-18T01:33:15.256Z","v":0}
{"name":"hexo","hostname":"wenhanMBP.local","pid":10143,"level":20,"msg":"Processed: \u001b[35mlayout/_partials/pagination.swig\u001b[39m","time":"2017-04-18T01:33:15.256Z","v":0}
{"name":"hexo","hostname":"wenhanMBP.local","pid":10143,"level":20,"msg":"Processed: \u001b[35mlayout/_partials/search.swig\u001b[39m","time":"2017-04-18T01:33:15.256Z","v":0}
{"name":"hexo","hostname":"wenhanMBP.local","pid":10143,"level":20,"msg":"Processed: \u001b[35mlayout/_scripts/boostrap.swig\u001b[39m","time":"2017-04-18T01:33:15.256Z","v":0}
{"name":"hexo","hostname":"wenhanMBP.local","pid":10143,"level":20,"msg":"Processed: \u001b[35mlayout/_scripts/commons.swig\u001b[39m","time":"2017-04-18T01:33:15.256Z","v":0}
{"name":"hexo","hostname":"wenhanMBP.local","pid":10143,"level":20,"msg":"Processed: \u001b[35mlayout/_scripts/vendors.swig\u001b[39m","time":"2017-04-18T01:33:15.256Z","v":0}
{"name":"hexo","hostname":"wenhanMBP.local","pid":10143,"level":20,"msg":"Processed: \u001b[35mlayout/_third-party/duoshuo-hot-articles.swig\u001b[39m","time":"2017-04-18T01:33:15.256Z","v":0}
{"name":"hexo","hostname":"wenhanMBP.local","pid":10143,"level":20,"msg":"Processed: \u001b[35mlayout/_third-party/exturl.swig\u001b[39m","time":"2017-04-18T01:33:15.256Z","v":0}
{"name":"hexo","hostname":"wenhanMBP.local","pid":10143,"level":20,"msg":"Processed: \u001b[35mlayout/_third-party/mathjax.swig\u001b[39m","time":"2017-04-18T01:33:15.256Z","v":0}
{"name":"hexo","hostname":"wenhanMBP.local","pid":10143,"level":20,"msg":"Processed: \u001b[35mlayout/_third-party/scroll-cookie.swig\u001b[39m","time":"2017-04-18T01:33:15.256Z","v":0}
{"name":"hexo","hostname":"wenhanMBP.local","pid":10143,"level":20,"msg":"Processed: \u001b[35mlayout/_third-party/schedule.swig\u001b[39m","time":"2017-04-18T01:33:15.257Z","v":0}
{"name":"hexo","hostname":"wenhanMBP.local","pid":10143,"level":20,"msg":"Processed: \u001b[35msource/js/src/schemes/pisces.js\u001b[39m","time":"2017-04-18T01:33:15.259Z","v":0}
{"name":"hexo","hostname":"wenhanMBP.local","pid":10143,"level":20,"msg":"Processed: \u001b[35msource/lib/fancybox/source/blank.gif\u001b[39m","time":"2017-04-18T01:33:15.260Z","v":0}
{"name":"hexo","hostname":"wenhanMBP.local","pid":10143,"level":20,"msg":"Processed: \u001b[35msource/lib/fancybox/source/fancybox_loading.gif\u001b[39m","time":"2017-04-18T01:33:15.260Z","v":0}
{"name":"hexo","hostname":"wenhanMBP.local","pid":10143,"level":20,"msg":"Processed: \u001b[35msource/lib/fancybox/source/fancybox_overlay.png\u001b[39m","time":"2017-04-18T01:33:15.260Z","v":0}
{"name":"hexo","hostname":"wenhanMBP.local","pid":10143,"level":20,"msg":"Processed: \u001b[35msource/lib/fancybox/source/fancybox_loading@2x.gif\u001b[39m","time":"2017-04-18T01:33:15.261Z","v":0}
{"name":"hexo","hostname":"wenhanMBP.local","pid":10143,"level":20,"msg":"Processed: \u001b[35msource/lib/fancybox/source/fancybox_sprite.png\u001b[39m","time":"2017-04-18T01:33:15.262Z","v":0}
{"name":"hexo","hostname":"wenhanMBP.local","pid":10143,"level":20,"msg":"Processed: \u001b[35msource/lib/fancybox/source/fancybox_sprite@2x.png\u001b[39m","time":"2017-04-18T01:33:15.262Z","v":0}
{"name":"hexo","hostname":"wenhanMBP.local","pid":10143,"level":20,"msg":"Processed: \u001b[35msource/lib/fancybox/source/jquery.fancybox.css\u001b[39m","time":"2017-04-18T01:33:15.262Z","v":0}
{"name":"hexo","hostname":"wenhanMBP.local","pid":10143,"level":20,"msg":"Processed: \u001b[35msource/lib/fancybox/source/jquery.fancybox.pack.js\u001b[39m","time":"2017-04-18T01:33:15.263Z","v":0}
{"name":"hexo","hostname":"wenhanMBP.local","pid":10143,"level":20,"msg":"Processed: \u001b[35msource/lib/fancybox/source/jquery.fancybox.js\u001b[39m","time":"2017-04-18T01:33:15.263Z","v":0}
{"name":"hexo","hostname":"wenhanMBP.local","pid":10143,"level":20,"msg":"Processed: \u001b[35msource/lib/fastclick/lib/fastclick.min.js\u001b[39m","time":"2017-04-18T01:33:15.263Z","v":0}
{"name":"hexo","hostname":"wenhanMBP.local","pid":10143,"level":20,"msg":"Processed: \u001b[35msource/lib/fastclick/lib/fastclick.js\u001b[39m","time":"2017-04-18T01:33:15.263Z","v":0}
{"name":"hexo","hostname":"wenhanMBP.local","pid":10143,"level":20,"msg":"Processed: \u001b[35msource/lib/font-awesome/css/font-awesome.css\u001b[39m","time":"2017-04-18T01:33:15.263Z","v":0}
{"name":"hexo","hostname":"wenhanMBP.local","pid":10143,"level":20,"msg":"Processed: \u001b[35msource/lib/font-awesome/css/font-awesome.css.map\u001b[39m","time":"2017-04-18T01:33:15.264Z","v":0}
{"name":"hexo","hostname":"wenhanMBP.local","pid":10143,"level":20,"msg":"Processed: \u001b[35msource/lib/font-awesome/css/font-awesome.min.css\u001b[39m","time":"2017-04-18T01:33:15.265Z","v":0}
{"name":"hexo","hostname":"wenhanMBP.local","pid":10143,"level":20,"msg":"Processed: \u001b[35msource/lib/ua-parser-js/dist/ua-parser.min.js\u001b[39m","time":"2017-04-18T01:33:15.266Z","v":0}
{"name":"hexo","hostname":"wenhanMBP.local","pid":10143,"level":20,"msg":"Processed: \u001b[35msource/lib/ua-parser-js/dist/ua-parser.pack.js\u001b[39m","time":"2017-04-18T01:33:15.266Z","v":0}
{"name":"hexo","hostname":"wenhanMBP.local","pid":10143,"level":20,"msg":"Processed: \u001b[35mlayout/_scripts/schemes/mist.swig\u001b[39m","time":"2017-04-18T01:33:15.272Z","v":0}
{"name":"hexo","hostname":"wenhanMBP.local","pid":10143,"level":20,"msg":"Processed: \u001b[35mlayout/_scripts/schemes/muse.swig\u001b[39m","time":"2017-04-18T01:33:15.272Z","v":0}
{"name":"hexo","hostname":"wenhanMBP.local","pid":10143,"level":20,"msg":"Processed: \u001b[35msource/lib/font-awesome/fonts/fontawesome-webfont.woff2\u001b[39m","time":"2017-04-18T01:33:15.273Z","v":0}
{"name":"hexo","hostname":"wenhanMBP.local","pid":10143,"level":20,"msg":"Processed: \u001b[35msource/lib/font-awesome/fonts/fontawesome-webfont.woff\u001b[39m","time":"2017-04-18T01:33:15.273Z","v":0}
{"name":"hexo","hostname":"wenhanMBP.local","pid":10143,"level":20,"msg":"Processed: \u001b[35msource/lib/velocity/velocity.js\u001b[39m","time":"2017-04-18T01:33:15.273Z","v":0}
{"name":"hexo","hostname":"wenhanMBP.local","pid":10143,"level":20,"msg":"Processed: \u001b[35mlayout/_partials/head/custom-head.swig\u001b[39m","time":"2017-04-18T01:33:15.315Z","v":0}
{"name":"hexo","hostname":"wenhanMBP.local","pid":10143,"level":20,"msg":"Processed: \u001b[35mlayout/_partials/head/external-fonts.swig\u001b[39m","time":"2017-04-18T01:33:15.315Z","v":0}
{"name":"hexo","hostname":"wenhanMBP.local","pid":10143,"level":20,"msg":"Processed: \u001b[35mlayout/_partials/search/localsearch.swig\u001b[39m","time":"2017-04-18T01:33:15.316Z","v":0}
{"name":"hexo","hostname":"wenhanMBP.local","pid":10143,"level":20,"msg":"Processed: \u001b[35mlayout/_partials/search/swiftype.swig\u001b[39m","time":"2017-04-18T01:33:15.316Z","v":0}
{"name":"hexo","hostname":"wenhanMBP.local","pid":10143,"level":20,"msg":"Processed: \u001b[35mlayout/_partials/search/tinysou.swig\u001b[39m","time":"2017-04-18T01:33:15.316Z","v":0}
{"name":"hexo","hostname":"wenhanMBP.local","pid":10143,"level":20,"msg":"Processed: \u001b[35mlayout/_partials/share/add-this.swig\u001b[39m","time":"2017-04-18T01:33:15.316Z","v":0}
{"name":"hexo","hostname":"wenhanMBP.local","pid":10143,"level":20,"msg":"Processed: \u001b[35mlayout/_partials/share/baidushare.swig\u001b[39m","time":"2017-04-18T01:33:15.316Z","v":0}
{"name":"hexo","hostname":"wenhanMBP.local","pid":10143,"level":20,"msg":"Processed: \u001b[35mlayout/_partials/share/duoshuo_share.swig\u001b[39m","time":"2017-04-18T01:33:15.316Z","v":0}
{"name":"hexo","hostname":"wenhanMBP.local","pid":10143,"level":20,"msg":"Processed: \u001b[35mlayout/_partials/share/jiathis.swig\u001b[39m","time":"2017-04-18T01:33:15.316Z","v":0}
{"name":"hexo","hostname":"wenhanMBP.local","pid":10143,"level":20,"msg":"Processed: \u001b[35mlayout/_scripts/pages/post-details.swig\u001b[39m","time":"2017-04-18T01:33:15.316Z","v":0}
{"name":"hexo","hostname":"wenhanMBP.local","pid":10143,"level":20,"msg":"Processed: \u001b[35mlayout/_scripts/schemes/pisces.swig\u001b[39m","time":"2017-04-18T01:33:15.316Z","v":0}
{"name":"hexo","hostname":"wenhanMBP.local","pid":10143,"level":20,"msg":"Processed: \u001b[35mlayout/_third-party/analytics/application-insights.swig\u001b[39m","time":"2017-04-18T01:33:15.317Z","v":0}
{"name":"hexo","hostname":"wenhanMBP.local","pid":10143,"level":20,"msg":"Processed: \u001b[35mlayout/_third-party/analytics/baidu-analytics.swig\u001b[39m","time":"2017-04-18T01:33:15.317Z","v":0}
{"name":"hexo","hostname":"wenhanMBP.local","pid":10143,"level":20,"msg":"Processed: \u001b[35mlayout/_third-party/analytics/busuanzi-counter.swig\u001b[39m","time":"2017-04-18T01:33:15.317Z","v":0}
{"name":"hexo","hostname":"wenhanMBP.local","pid":10143,"level":20,"msg":"Processed: \u001b[35mlayout/_third-party/analytics/cnzz-analytics.swig\u001b[39m","time":"2017-04-18T01:33:15.317Z","v":0}
{"name":"hexo","hostname":"wenhanMBP.local","pid":10143,"level":20,"msg":"Processed: \u001b[35mlayout/_third-party/analytics/facebook-sdk.swig\u001b[39m","time":"2017-04-18T01:33:15.317Z","v":0}
{"name":"hexo","hostname":"wenhanMBP.local","pid":10143,"level":20,"msg":"Processed: \u001b[35mlayout/_third-party/analytics/google-analytics.swig\u001b[39m","time":"2017-04-18T01:33:15.317Z","v":0}
{"name":"hexo","hostname":"wenhanMBP.local","pid":10143,"level":20,"msg":"Processed: \u001b[35mlayout/_third-party/analytics/index.swig\u001b[39m","time":"2017-04-18T01:33:15.317Z","v":0}
{"name":"hexo","hostname":"wenhanMBP.local","pid":10143,"level":20,"msg":"Processed: \u001b[35mlayout/_third-party/analytics/lean-analytics.swig\u001b[39m","time":"2017-04-18T01:33:15.317Z","v":0}
{"name":"hexo","hostname":"wenhanMBP.local","pid":10143,"level":20,"msg":"Processed: \u001b[35mlayout/_third-party/analytics/tencent-analytics.swig\u001b[39m","time":"2017-04-18T01:33:15.318Z","v":0}
{"name":"hexo","hostname":"wenhanMBP.local","pid":10143,"level":20,"msg":"Processed: \u001b[35mlayout/_third-party/analytics/tencent-mta.swig\u001b[39m","time":"2017-04-18T01:33:15.318Z","v":0}
{"name":"hexo","hostname":"wenhanMBP.local","pid":10143,"level":20,"msg":"Processed: \u001b[35mlayout/_third-party/analytics/vkontakte-api.swig\u001b[39m","time":"2017-04-18T01:33:15.318Z","v":0}
{"name":"hexo","hostname":"wenhanMBP.local","pid":10143,"level":20,"msg":"Processed: \u001b[35mlayout/_third-party/comments/changyan.swig\u001b[39m","time":"2017-04-18T01:33:15.318Z","v":0}
{"name":"hexo","hostname":"wenhanMBP.local","pid":10143,"level":20,"msg":"Processed: \u001b[35mlayout/_third-party/comments/disqus.swig\u001b[39m","time":"2017-04-18T01:33:15.318Z","v":0}
{"name":"hexo","hostname":"wenhanMBP.local","pid":10143,"level":20,"msg":"Processed: \u001b[35mlayout/_third-party/comments/duoshuo.swig\u001b[39m","time":"2017-04-18T01:33:15.318Z","v":0}
{"name":"hexo","hostname":"wenhanMBP.local","pid":10143,"level":20,"msg":"Processed: \u001b[35mlayout/_third-party/comments/gentie.swig\u001b[39m","time":"2017-04-18T01:33:15.318Z","v":0}
{"name":"hexo","hostname":"wenhanMBP.local","pid":10143,"level":20,"msg":"Processed: \u001b[35mlayout/_third-party/comments/hypercomments.swig\u001b[39m","time":"2017-04-18T01:33:15.318Z","v":0}
{"name":"hexo","hostname":"wenhanMBP.local","pid":10143,"level":20,"msg":"Processed: \u001b[35mlayout/_third-party/comments/index.swig\u001b[39m","time":"2017-04-18T01:33:15.318Z","v":0}
{"name":"hexo","hostname":"wenhanMBP.local","pid":10143,"level":20,"msg":"Processed: \u001b[35mlayout/_third-party/comments/livere.swig\u001b[39m","time":"2017-04-18T01:33:15.318Z","v":0}
{"name":"hexo","hostname":"wenhanMBP.local","pid":10143,"level":20,"msg":"Processed: \u001b[35mlayout/_third-party/comments/youyan.swig\u001b[39m","time":"2017-04-18T01:33:15.318Z","v":0}
{"name":"hexo","hostname":"wenhanMBP.local","pid":10143,"level":20,"msg":"Processed: \u001b[35mlayout/_third-party/search/index.swig\u001b[39m","time":"2017-04-18T01:33:15.318Z","v":0}
{"name":"hexo","hostname":"wenhanMBP.local","pid":10143,"level":20,"msg":"Processed: \u001b[35mlayout/_third-party/search/localsearch.swig\u001b[39m","time":"2017-04-18T01:33:15.318Z","v":0}
{"name":"hexo","hostname":"wenhanMBP.local","pid":10143,"level":20,"msg":"Processed: \u001b[35mlayout/_third-party/search/tinysou.swig\u001b[39m","time":"2017-04-18T01:33:15.319Z","v":0}
{"name":"hexo","hostname":"wenhanMBP.local","pid":10143,"level":20,"msg":"Processed: \u001b[35mlayout/_third-party/seo/baidu-push.swig\u001b[39m","time":"2017-04-18T01:33:15.319Z","v":0}
{"name":"hexo","hostname":"wenhanMBP.local","pid":10143,"level":20,"msg":"Processed: \u001b[35msource/lib/fancybox/source/helpers/fancybox_buttons.png\u001b[39m","time":"2017-04-18T01:33:15.323Z","v":0}
{"name":"hexo","hostname":"wenhanMBP.local","pid":10143,"level":20,"msg":"Processed: \u001b[35msource/lib/fancybox/source/helpers/jquery.fancybox-buttons.css\u001b[39m","time":"2017-04-18T01:33:15.323Z","v":0}
{"name":"hexo","hostname":"wenhanMBP.local","pid":10143,"level":20,"msg":"Processed: \u001b[35msource/lib/fancybox/source/helpers/jquery.fancybox-buttons.js\u001b[39m","time":"2017-04-18T01:33:15.323Z","v":0}
{"name":"hexo","hostname":"wenhanMBP.local","pid":10143,"level":20,"msg":"Processed: \u001b[35msource/lib/fancybox/source/helpers/jquery.fancybox-media.js\u001b[39m","time":"2017-04-18T01:33:15.323Z","v":0}
{"name":"hexo","hostname":"wenhanMBP.local","pid":10143,"level":20,"msg":"Processed: \u001b[35msource/lib/fancybox/source/helpers/jquery.fancybox-thumbs.css\u001b[39m","time":"2017-04-18T01:33:15.324Z","v":0}
{"name":"hexo","hostname":"wenhanMBP.local","pid":10143,"level":20,"msg":"Processed: \u001b[35msource/lib/fancybox/source/helpers/jquery.fancybox-thumbs.js\u001b[39m","time":"2017-04-18T01:33:15.324Z","v":0}
{"name":"hexo","hostname":"wenhanMBP.local","pid":10143,"level":20,"msg":"Processed: \u001b[35msource/lib/font-awesome/fonts/FontAwesome.otf\u001b[39m","time":"2017-04-18T01:33:15.324Z","v":0}
{"name":"hexo","hostname":"wenhanMBP.local","pid":10143,"level":20,"msg":"Processed: \u001b[35msource/lib/font-awesome/fonts/fontawesome-webfont.eot\u001b[39m","time":"2017-04-18T01:33:15.324Z","v":0}
{"name":"hexo","hostname":"wenhanMBP.local","pid":10143,"level":20,"msg":"Processed: \u001b[35msource/lib/font-awesome/fonts/fontawesome-webfont.ttf\u001b[39m","time":"2017-04-18T01:33:15.324Z","v":0}
{"name":"hexo","hostname":"wenhanMBP.local","pid":10143,"level":20,"msg":"Processed: \u001b[35mlayout/_third-party/search/algolia-search/dom.swig\u001b[39m","time":"2017-04-18T01:33:15.326Z","v":0}
{"name":"hexo","hostname":"wenhanMBP.local","pid":10143,"level":20,"msg":"Processed: \u001b[35msource/lib/algolia-instant-search/instantsearch.min.js\u001b[39m","time":"2017-04-18T01:33:15.327Z","v":0}
{"name":"hexo","hostname":"wenhanMBP.local","pid":10143,"level":20,"msg":"Processed: \u001b[35mlayout/_third-party/search/algolia-search/assets.swig\u001b[39m","time":"2017-04-18T01:33:15.329Z","v":0}
{"name":"hexo","hostname":"wenhanMBP.local","pid":10143,"level":20,"msg":"Processed: \u001b[35msource/lib/three/three.min.js\u001b[39m","time":"2017-04-18T01:33:15.329Z","v":0}
{"name":"hexo","hostname":"wenhanMBP.local","pid":10143,"level":20,"msg":"Processed: \u001b[35msource/lib/font-awesome/fonts/fontawesome-webfont.svg\u001b[39m","time":"2017-04-18T01:33:15.332Z","v":0}
{"name":"hexo","hostname":"wenhanMBP.local","pid":10143,"level":20,"msg":"Generator: \u001b[35mpage\u001b[39m","time":"2017-04-18T01:33:15.441Z","v":0}
{"name":"hexo","hostname":"wenhanMBP.local","pid":10143,"level":20,"msg":"Generator: \u001b[35mpost\u001b[39m","time":"2017-04-18T01:33:15.441Z","v":0}
{"name":"hexo","hostname":"wenhanMBP.local","pid":10143,"level":20,"msg":"Generator: \u001b[35marchive\u001b[39m","time":"2017-04-18T01:33:15.441Z","v":0}
{"name":"hexo","hostname":"wenhanMBP.local","pid":10143,"level":20,"msg":"Generator: \u001b[35mcategory\u001b[39m","time":"2017-04-18T01:33:15.441Z","v":0}
{"name":"hexo","hostname":"wenhanMBP.local","pid":10143,"level":20,"msg":"Generator: \u001b[35mindex\u001b[39m","time":"2017-04-18T01:33:15.441Z","v":0}
{"name":"hexo","hostname":"wenhanMBP.local","pid":10143,"level":20,"msg":"Generator: \u001b[35mtag\u001b[39m","time":"2017-04-18T01:33:15.442Z","v":0}
{"name":"hexo","hostname":"wenhanMBP.local","pid":10143,"level":20,"msg":"Generator: \u001b[35masset\u001b[39m","time":"2017-04-18T01:33:15.445Z","v":0}
{"name":"hexo","hostname":"wenhanMBP.local","pid":10143,"level":30,"msg":"Hexo is running at \u001b[4mhttp://localhost:4000/\u001b[24m. Press Ctrl+C to stop.","time":"2017-04-18T01:33:15.468Z","v":0}
{"name":"hexo","hostname":"wenhanMBP.local","pid":10143,"level":20,"msg":"Database saved","time":"2017-04-18T01:33:15.484Z","v":0}
{"name":"hexo","hostname":"wenhanMBP.local","pid":10143,"level":20,"msg":"Rendering index: \u001b[35mindex.html\u001b[39m","time":"2017-04-18T01:33:23.469Z","v":0}
{"name":"hexo","hostname":"wenhanMBP.local","pid":10143,"level":20,"msg":"Rendering index: \u001b[35mindex.html\u001b[39m","time":"2017-04-18T01:33:49.198Z","v":0}
{"name":"hexo","hostname":"wenhanMBP.local","pid":10143,"level":20,"msg":"Rendering index: \u001b[35mindex.html\u001b[39m","time":"2017-04-18T01:33:50.596Z","v":0}
{"name":"hexo","hostname":"wenhanMBP.local","pid":10143,"level":30,"msg":"See you again","time":"2017-04-18T01:33:59.901Z","v":0}
{"name":"hexo","hostname":"wenhanMBP.local","pid":10143,"level":20,"msg":"Database saved","time":"2017-04-18T01:33:59.928Z","v":0}
